mode: set
mimo-reasonix/internal/config/ccswitch.go:36.64,38.16 2 0
mimo-reasonix/internal/config/ccswitch.go:38.16,40.3 1 0
mimo-reasonix/internal/config/ccswitch.go:41.2,42.28 2 0
mimo-reasonix/internal/config/ccswitch.go:42.28,44.3 1 0
mimo-reasonix/internal/config/ccswitch.go:45.2,45.24 1 0
mimo-reasonix/internal/config/ccswitch.go:51.47,53.16 2 0
mimo-reasonix/internal/config/ccswitch.go:53.16,55.3 1 0
mimo-reasonix/internal/config/ccswitch.go:56.2,56.66 1 0
mimo-reasonix/internal/config/ccswitch.go:59.66,61.43 2 0
mimo-reasonix/internal/config/ccswitch.go:61.43,63.17 2 0
mimo-reasonix/internal/config/ccswitch.go:63.17,65.4 1 0
mimo-reasonix/internal/config/ccswitch.go:66.3,66.22 1 0
mimo-reasonix/internal/config/ccswitch.go:67.8,67.32 1 0
mimo-reasonix/internal/config/ccswitch.go:67.32,70.3 1 0
mimo-reasonix/internal/config/ccswitch.go:72.2,72.90 1 0
mimo-reasonix/internal/config/ccswitch.go:72.90,74.37 2 0
mimo-reasonix/internal/config/ccswitch.go:74.37,76.4 1 0
mimo-reasonix/internal/config/ccswitch.go:77.3,77.40 1 0
mimo-reasonix/internal/config/ccswitch.go:77.40,79.4 1 0
mimo-reasonix/internal/config/ccswitch.go:81.2,81.92 1 0
mimo-reasonix/internal/config/ccswitch.go:84.93,86.16 2 0
mimo-reasonix/internal/config/ccswitch.go:86.16,88.3 1 0
mimo-reasonix/internal/config/ccswitch.go:89.2,89.39 1 0
mimo-reasonix/internal/config/ccswitch.go:94.65,96.16 2 0
mimo-reasonix/internal/config/ccswitch.go:96.16,98.3 1 0
mimo-reasonix/internal/config/ccswitch.go:99.2,100.16 2 0
mimo-reasonix/internal/config/ccswitch.go:100.16,102.3 1 0
mimo-reasonix/internal/config/ccswitch.go:103.2,103.39 1 0
mimo-reasonix/internal/config/ccswitch.go:106.98,108.32 2 0
mimo-reasonix/internal/config/ccswitch.go:108.32,110.3 1 0
mimo-reasonix/internal/config/ccswitch.go:111.2,111.28 1 0
mimo-reasonix/internal/config/ccswitch.go:111.28,112.36 1 0
mimo-reasonix/internal/config/ccswitch.go:112.36,114.4 1 0
mimo-reasonix/internal/config/ccswitch.go:114.9,116.4 1 0
mimo-reasonix/internal/config/ccswitch.go:117.3,117.45 1 0
mimo-reasonix/internal/config/ccswitch.go:117.45,119.4 1 0
mimo-reasonix/internal/config/ccswitch.go:120.3,120.23 1 0
mimo-reasonix/internal/config/ccswitch.go:122.2,122.35 1 0
mimo-reasonix/internal/config/ccswitch.go:122.35,124.3 1 0
mimo-reasonix/internal/config/ccswitch.go:125.2,125.42 1 0
mimo-reasonix/internal/config/ccswitch.go:128.60,129.41 1 0
mimo-reasonix/internal/config/ccswitch.go:129.41,131.3 1 0
mimo-reasonix/internal/config/ccswitch.go:132.2,133.16 2 0
mimo-reasonix/internal/config/ccswitch.go:133.16,135.3 1 0
mimo-reasonix/internal/config/ccswitch.go:136.2,138.16 3 0
mimo-reasonix/internal/config/ccswitch.go:138.16,140.3 1 0
mimo-reasonix/internal/config/ccswitch.go:141.2,141.42 1 0
mimo-reasonix/internal/config/ccswitch.go:141.42,143.3 1 0
mimo-reasonix/internal/config/ccswitch.go:144.2,145.51 2 0
mimo-reasonix/internal/config/ccswitch.go:145.51,147.3 1 0
mimo-reasonix/internal/config/ccswitch.go:148.2,148.36 1 0
mimo-reasonix/internal/config/ccswitch.go:151.74,153.27 2 1
mimo-reasonix/internal/config/ccswitch.go:153.27,155.70 2 1
mimo-reasonix/internal/config/ccswitch.go:155.70,157.4 1 0
mimo-reasonix/internal/config/ccswitch.go:158.3,159.17 2 1
mimo-reasonix/internal/config/ccswitch.go:159.17,161.4 1 1
mimo-reasonix/internal/config/ccswitch.go:162.3,163.43 2 1
mimo-reasonix/internal/config/ccswitch.go:163.43,165.4 1 0
mimo-reasonix/internal/config/ccswitch.go:166.3,166.31 1 1
mimo-reasonix/internal/config/ccswitch.go:168.2,168.21 1 1
mimo-reasonix/internal/config/ccswitch.go:171.67,173.16 2 1
mimo-reasonix/internal/config/ccswitch.go:173.16,175.3 1 0
mimo-reasonix/internal/config/ccswitch.go:176.2,181.48 2 1
mimo-reasonix/internal/config/ccswitch.go:181.48,183.3 1 0
mimo-reasonix/internal/config/ccswitch.go:184.2,185.35 2 1
mimo-reasonix/internal/config/ccswitch.go:185.35,187.3 1 1
mimo-reasonix/internal/config/ccswitch.go:188.2,190.27 3 1
mimo-reasonix/internal/config/ccswitch.go:190.27,192.22 2 1
mimo-reasonix/internal/config/ccswitch.go:192.22,193.12 1 1
mimo-reasonix/internal/config/ccswitch.go:195.3,196.17 2 1
mimo-reasonix/internal/config/ccswitch.go:196.17,198.4 1 0
mimo-reasonix/internal/config/ccswitch.go:199.3,199.17 1 1
mimo-reasonix/internal/config/ccswitch.go:199.17,201.4 1 0
mimo-reasonix/internal/config/ccswitch.go:202.3,203.43 2 1
mimo-reasonix/internal/config/ccswitch.go:203.43,205.4 1 0
mimo-reasonix/internal/config/ccswitch.go:206.3,206.31 1 1
mimo-reasonix/internal/config/ccswitch.go:208.2,208.21 1 1
mimo-reasonix/internal/config/ccswitch.go:211.72,221.2 1 1
mimo-reasonix/internal/config/ccswitch.go:223.67,228.18 5 1
mimo-reasonix/internal/config/ccswitch.go:228.18,231.3 2 1
mimo-reasonix/internal/config/ccswitch.go:232.2,232.47 1 1
mimo-reasonix/internal/config/ccswitch.go:232.47,235.3 2 1
mimo-reasonix/internal/config/ccswitch.go:236.2,236.34 1 1
mimo-reasonix/internal/config/ccswitch.go:236.34,237.28 1 1
mimo-reasonix/internal/config/ccswitch.go:237.28,238.55 1 1
mimo-reasonix/internal/config/ccswitch.go:238.55,241.10 3 1
mimo-reasonix/internal/config/ccswitch.go:245.2,245.42 1 1
mimo-reasonix/internal/config/ccswitch.go:245.42,247.28 2 0
mimo-reasonix/internal/config/ccswitch.go:247.28,249.4 1 0
mimo-reasonix/internal/config/ccswitch.go:251.2,252.71 1 1
mimo-reasonix/internal/config/ccswitch.go:252.71,255.3 2 0
mimo-reasonix/internal/config/ccswitch.go:256.2,256.19 1 1
mimo-reasonix/internal/config/ccswitch.go:256.19,258.3 1 0
mimo-reasonix/internal/config/ccswitch.go:259.2,259.25 1 1
mimo-reasonix/internal/config/ccswitch.go:259.25,261.3 1 0
mimo-reasonix/internal/config/ccswitch.go:262.2,262.10 1 1
mimo-reasonix/internal/config/ccswitch.go:265.39,267.2 1 0
mimo-reasonix/internal/config/config.go:26.41,26.84 1 1
mimo-reasonix/internal/config/config.go:29.39,31.29 2 1
mimo-reasonix/internal/config/config.go:31.29,33.3 1 1
mimo-reasonix/internal/config/config.go:34.2,34.31 1 1
mimo-reasonix/internal/config/config.go:34.31,36.3 1 0
mimo-reasonix/internal/config/config.go:37.2,37.13 1 1
mimo-reasonix/internal/config/config.go:124.44,126.2 1 0
mimo-reasonix/internal/config/config.go:129.35,130.56 1 1
mimo-reasonix/internal/config/config.go:131.14,132.16 1 1
mimo-reasonix/internal/config/config.go:133.15,134.17 1 1
mimo-reasonix/internal/config/config.go:135.10,136.16 1 1
mimo-reasonix/internal/config/config.go:142.40,144.2 1 1
mimo-reasonix/internal/config/config.go:149.44,150.65 1 1
mimo-reasonix/internal/config/config.go:151.51,152.19 1 1
mimo-reasonix/internal/config/config.go:153.10,154.19 1 1
mimo-reasonix/internal/config/config.go:162.41,163.62 1 1
mimo-reasonix/internal/config/config.go:164.15,165.17 1 1
mimo-reasonix/internal/config/config.go:166.13,167.15 1 1
mimo-reasonix/internal/config/config.go:168.10,169.21 1 1
mimo-reasonix/internal/config/config.go:173.47,174.51 1 1
mimo-reasonix/internal/config/config.go:175.135,176.51 1 1
mimo-reasonix/internal/config/config.go:177.10,178.12 1 1
mimo-reasonix/internal/config/config.go:182.55,183.51 1 1
mimo-reasonix/internal/config/config.go:184.17,185.19 1 1
mimo-reasonix/internal/config/config.go:186.32,187.21 1 1
mimo-reasonix/internal/config/config.go:188.18,189.20 1 1
mimo-reasonix/internal/config/config.go:190.10,191.21 1 1
mimo-reasonix/internal/config/config.go:195.49,196.50 1 1
mimo-reasonix/internal/config/config.go:197.22,198.16 1 1
mimo-reasonix/internal/config/config.go:199.10,200.22 1 1
mimo-reasonix/internal/config/config.go:207.43,208.64 1 1
mimo-reasonix/internal/config/config.go:209.12,210.14 1 1
mimo-reasonix/internal/config/config.go:211.12,212.14 1 1
mimo-reasonix/internal/config/config.go:213.10,214.12 1 1
mimo-reasonix/internal/config/config.go:220.40,221.61 1 1
mimo-reasonix/internal/config/config.go:222.14,223.16 1 0
mimo-reasonix/internal/config/config.go:224.15,225.17 1 0
mimo-reasonix/internal/config/config.go:226.14,227.16 1 1
mimo-reasonix/internal/config/config.go:228.10,229.16 1 1
mimo-reasonix/internal/config/config.go:235.45,237.2 1 1
mimo-reasonix/internal/config/config.go:241.46,242.127 1 1
mimo-reasonix/internal/config/config.go:242.127,244.3 1 1
mimo-reasonix/internal/config/config.go:245.2,245.59 1 1
mimo-reasonix/internal/config/config.go:251.48,252.54 1 1
mimo-reasonix/internal/config/config.go:252.54,254.3 1 1
mimo-reasonix/internal/config/config.go:255.2,255.51 1 1
mimo-reasonix/internal/config/config.go:259.43,261.2 1 1
mimo-reasonix/internal/config/config.go:265.46,266.67 1 1
mimo-reasonix/internal/config/config.go:267.18,268.20 1 0
mimo-reasonix/internal/config/config.go:269.28,270.19 1 1
mimo-reasonix/internal/config/config.go:271.10,272.20 1 1
mimo-reasonix/internal/config/config.go:278.52,279.50 1 1
mimo-reasonix/internal/config/config.go:280.14,281.16 1 1
mimo-reasonix/internal/config/config.go:282.47,283.16 1 1
mimo-reasonix/internal/config/config.go:284.10,285.15 1 1
mimo-reasonix/internal/config/config.go:292.58,293.14 1 1
mimo-reasonix/internal/config/config.go:293.14,295.3 1 0
mimo-reasonix/internal/config/config.go:296.2,296.69 1 1
mimo-reasonix/internal/config/config.go:301.49,302.70 1 1
mimo-reasonix/internal/config/config.go:303.14,304.16 1 1
mimo-reasonix/internal/config/config.go:305.14,306.16 1 1
mimo-reasonix/internal/config/config.go:307.10,308.16 1 1
mimo-reasonix/internal/config/config.go:330.62,332.29 2 1
mimo-reasonix/internal/config/config.go:332.29,334.3 1 1
mimo-reasonix/internal/config/config.go:335.2,335.12 1 1
mimo-reasonix/internal/config/config.go:340.46,342.2 1 1
mimo-reasonix/internal/config/config.go:347.51,349.2 1 1
mimo-reasonix/internal/config/config.go:351.62,354.28 3 1
mimo-reasonix/internal/config/config.go:354.28,356.50 2 1
mimo-reasonix/internal/config/config.go:356.50,357.12 1 1
mimo-reasonix/internal/config/config.go:359.3,360.18 2 1
mimo-reasonix/internal/config/config.go:362.2,362.19 1 1
mimo-reasonix/internal/config/config.go:362.19,364.3 1 1
mimo-reasonix/internal/config/config.go:365.2,365.12 1 1
mimo-reasonix/internal/config/config.go:370.45,371.47 1 1
mimo-reasonix/internal/config/config.go:371.47,373.3 1 1
mimo-reasonix/internal/config/config.go:374.2,374.32 1 1
mimo-reasonix/internal/config/config.go:380.48,381.48 1 1
mimo-reasonix/internal/config/config.go:381.48,383.3 1 1
mimo-reasonix/internal/config/config.go:384.2,384.33 1 1
mimo-reasonix/internal/config/config.go:389.44,390.14 1 0
mimo-reasonix/internal/config/config.go:390.14,392.3 1 0
mimo-reasonix/internal/config/config.go:393.2,393.38 1 0
mimo-reasonix/internal/config/config.go:397.44,398.50 1 0
mimo-reasonix/internal/config/config.go:399.39,400.16 1 0
mimo-reasonix/internal/config/config.go:401.39,402.14 1 0
mimo-reasonix/internal/config/config.go:403.23,404.14 1 0
mimo-reasonix/internal/config/config.go:405.10,406.16 1 0
mimo-reasonix/internal/config/config.go:413.45,414.14 1 1
mimo-reasonix/internal/config/config.go:414.14,416.3 1 0
mimo-reasonix/internal/config/config.go:417.2,417.62 1 1
mimo-reasonix/internal/config/config.go:421.53,422.50 1 1
mimo-reasonix/internal/config/config.go:423.120,424.16 1 1
mimo-reasonix/internal/config/config.go:425.39,426.14 1 1
mimo-reasonix/internal/config/config.go:427.23,428.14 1 0
mimo-reasonix/internal/config/config.go:429.10,430.16 1 0
mimo-reasonix/internal/config/config.go:436.42,437.44 1 1
mimo-reasonix/internal/config/config.go:437.44,439.3 1 1
mimo-reasonix/internal/config/config.go:440.2,440.29 1 1
mimo-reasonix/internal/config/config.go:445.40,446.42 1 1
mimo-reasonix/internal/config/config.go:446.42,448.3 1 1
mimo-reasonix/internal/config/config.go:449.2,449.27 1 1
mimo-reasonix/internal/config/config.go:627.57,639.2 1 1
mimo-reasonix/internal/config/config.go:650.46,651.50 1 1
mimo-reasonix/internal/config/config.go:651.50,653.3 1 1
mimo-reasonix/internal/config/config.go:654.2,656.32 3 1
mimo-reasonix/internal/config/config.go:656.32,657.17 1 1
mimo-reasonix/internal/config/config.go:657.17,658.12 1 1
mimo-reasonix/internal/config/config.go:660.3,661.17 2 1
mimo-reasonix/internal/config/config.go:661.17,662.12 1 0
mimo-reasonix/internal/config/config.go:664.3,664.45 1 1
mimo-reasonix/internal/config/config.go:664.45,667.4 2 1
mimo-reasonix/internal/config/config.go:669.2,669.12 1 1
mimo-reasonix/internal/config/config.go:673.44,675.2 1 1
mimo-reasonix/internal/config/config.go:693.46,695.35 2 0
mimo-reasonix/internal/config/config.go:695.35,696.54 1 0
mimo-reasonix/internal/config/config.go:696.54,698.4 1 0
mimo-reasonix/internal/config/config.go:700.2,700.12 1 0
mimo-reasonix/internal/config/config.go:705.48,707.43 2 0
mimo-reasonix/internal/config/config.go:707.43,708.54 1 0
mimo-reasonix/internal/config/config.go:708.54,710.4 1 0
mimo-reasonix/internal/config/config.go:712.2,712.12 1 0
mimo-reasonix/internal/config/config.go:717.38,722.40 2 1
mimo-reasonix/internal/config/config.go:722.40,724.3 1 0
mimo-reasonix/internal/config/config.go:725.2,725.27 1 1
mimo-reasonix/internal/config/config.go:725.27,727.3 1 0
mimo-reasonix/internal/config/config.go:728.2,728.34 1 1
mimo-reasonix/internal/config/config.go:728.34,730.3 1 0
mimo-reasonix/internal/config/config.go:731.2,731.26 1 1
mimo-reasonix/internal/config/config.go:736.48,739.47 3 1
mimo-reasonix/internal/config/config.go:739.47,741.30 2 1
mimo-reasonix/internal/config/config.go:741.30,742.12 1 0
mimo-reasonix/internal/config/config.go:744.3,745.16 2 1
mimo-reasonix/internal/config/config.go:745.16,746.12 1 0
mimo-reasonix/internal/config/config.go:748.3,749.26 2 1
mimo-reasonix/internal/config/config.go:751.2,751.12 1 1
mimo-reasonix/internal/config/config.go:755.52,757.15 2 1
mimo-reasonix/internal/config/config.go:757.15,759.3 1 0
mimo-reasonix/internal/config/config.go:760.2,760.50 1 1
mimo-reasonix/internal/config/config.go:760.50,761.36 1 1
mimo-reasonix/internal/config/config.go:761.36,763.4 1 1
mimo-reasonix/internal/config/config.go:765.2,765.14 1 0
mimo-reasonix/internal/config/config.go:794.40,796.2 1 0
mimo-reasonix/internal/config/config.go:801.66,803.16 2 1
mimo-reasonix/internal/config/config.go:803.16,805.32 2 1
mimo-reasonix/internal/config/config.go:805.32,806.41 1 0
mimo-reasonix/internal/config/config.go:806.41,808.5 1 0
mimo-reasonix/internal/config/config.go:808.10,810.5 1 0
mimo-reasonix/internal/config/config.go:813.2,814.41 2 1
mimo-reasonix/internal/config/config.go:814.41,815.35 1 0
mimo-reasonix/internal/config/config.go:815.35,817.4 1 0
mimo-reasonix/internal/config/config.go:819.2,819.14 1 1
mimo-reasonix/internal/config/config.go:826.45,828.2 1 0
mimo-reasonix/internal/config/config.go:832.71,834.31 2 1
mimo-reasonix/internal/config/config.go:834.31,835.40 1 0
mimo-reasonix/internal/config/config.go:835.40,837.4 1 0
mimo-reasonix/internal/config/config.go:837.9,839.4 1 0
mimo-reasonix/internal/config/config.go:841.2,842.41 2 1
mimo-reasonix/internal/config/config.go:842.41,843.35 1 1
mimo-reasonix/internal/config/config.go:843.35,844.26 1 1
mimo-reasonix/internal/config/config.go:844.26,846.5 1 1
mimo-reasonix/internal/config/config.go:847.4,847.28 1 1
mimo-reasonix/internal/config/config.go:850.2,850.14 1 1
mimo-reasonix/internal/config/config.go:856.36,857.29 1 1
mimo-reasonix/internal/config/config.go:857.29,859.3 1 0
mimo-reasonix/internal/config/config.go:860.2,860.18 1 1
mimo-reasonix/internal/config/config.go:925.47,926.55 1 1
mimo-reasonix/internal/config/config.go:926.55,928.3 1 1
mimo-reasonix/internal/config/config.go:929.2,929.40 1 1
mimo-reasonix/internal/config/config.go:993.46,994.23 1 1
mimo-reasonix/internal/config/config.go:994.23,996.3 1 1
mimo-reasonix/internal/config/config.go:997.2,997.19 1 1
mimo-reasonix/internal/config/config.go:997.19,999.3 1 1
mimo-reasonix/internal/config/config.go:1000.2,1000.12 1 1
mimo-reasonix/internal/config/config.go:1017.43,1019.17 2 1
mimo-reasonix/internal/config/config.go:1019.17,1021.3 1 1
mimo-reasonix/internal/config/config.go:1022.2,1028.36 3 1
mimo-reasonix/internal/config/config.go:1028.36,1029.33 1 1
mimo-reasonix/internal/config/config.go:1029.33,1031.4 1 1
mimo-reasonix/internal/config/config.go:1035.2,1035.56 1 1
mimo-reasonix/internal/config/config.go:1035.56,1037.3 1 1
mimo-reasonix/internal/config/config.go:1038.2,1044.29 2 1
mimo-reasonix/internal/config/config.go:1044.29,1045.25 1 1
mimo-reasonix/internal/config/config.go:1045.25,1047.4 1 1
mimo-reasonix/internal/config/config.go:1049.2,1049.13 1 1
mimo-reasonix/internal/config/config.go:1057.50,1059.19 2 1
mimo-reasonix/internal/config/config.go:1059.19,1061.3 1 1
mimo-reasonix/internal/config/config.go:1062.2,1063.24 2 1
mimo-reasonix/internal/config/config.go:1063.24,1064.27 1 1
mimo-reasonix/internal/config/config.go:1064.27,1066.4 1 1
mimo-reasonix/internal/config/config.go:1068.2,1068.12 1 1
mimo-reasonix/internal/config/config.go:1073.47,1074.21 1 1
mimo-reasonix/internal/config/config.go:1074.21,1076.3 1 1
mimo-reasonix/internal/config/config.go:1077.2,1077.36 1 1
mimo-reasonix/internal/config/config.go:1077.36,1079.3 1 1
mimo-reasonix/internal/config/config.go:1080.2,1080.11 1 0
mimo-reasonix/internal/config/config.go:1084.49,1085.34 1 1
mimo-reasonix/internal/config/config.go:1085.34,1086.13 1 1
mimo-reasonix/internal/config/config.go:1086.13,1088.4 1 1
mimo-reasonix/internal/config/config.go:1090.2,1090.14 1 1
mimo-reasonix/internal/config/config.go:1095.71,1096.14 1 1
mimo-reasonix/internal/config/config.go:1096.14,1098.3 1 0
mimo-reasonix/internal/config/config.go:1099.2,1099.21 1 1
mimo-reasonix/internal/config/config.go:1099.21,1100.56 1 1
mimo-reasonix/internal/config/config.go:1100.56,1102.4 1 1
mimo-reasonix/internal/config/config.go:1104.2,1104.30 1 1
mimo-reasonix/internal/config/config.go:1107.43,1108.14 1 1
mimo-reasonix/internal/config/config.go:1108.14,1110.3 1 0
mimo-reasonix/internal/config/config.go:1111.2,1111.36 1 1
mimo-reasonix/internal/config/config.go:1114.58,1115.14 1 1
mimo-reasonix/internal/config/config.go:1115.14,1117.3 1 1
mimo-reasonix/internal/config/config.go:1118.2,1119.12 2 1
mimo-reasonix/internal/config/config.go:1143.43,1144.74 1 1
mimo-reasonix/internal/config/config.go:1144.74,1146.3 1 1
mimo-reasonix/internal/config/config.go:1147.2,1147.36 1 1
mimo-reasonix/internal/config/config.go:1153.46,1154.81 1 1
mimo-reasonix/internal/config/config.go:1154.81,1156.3 1 1
mimo-reasonix/internal/config/config.go:1157.2,1157.39 1 1
mimo-reasonix/internal/config/config.go:1169.59,1170.110 1 1
mimo-reasonix/internal/config/config.go:1170.110,1172.3 1 1
mimo-reasonix/internal/config/config.go:1173.2,1173.87 1 1
mimo-reasonix/internal/config/config.go:1173.87,1175.3 1 1
mimo-reasonix/internal/config/config.go:1176.2,1176.54 1 1
mimo-reasonix/internal/config/config.go:1252.45,1254.2 1 1
mimo-reasonix/internal/config/config.go:1259.44,1261.2 1 1
mimo-reasonix/internal/config/config.go:1263.42,1264.50 1 1
mimo-reasonix/internal/config/config.go:1265.15,1266.17 1 1
mimo-reasonix/internal/config/config.go:1267.28,1268.22 1 1
mimo-reasonix/internal/config/config.go:1269.10,1270.22 1 1
mimo-reasonix/internal/config/config.go:1271.10,1272.22 1 1
mimo-reasonix/internal/config/config.go:1276.51,1278.30 2 1
mimo-reasonix/internal/config/config.go:1278.30,1279.26 1 1
mimo-reasonix/internal/config/config.go:1279.26,1281.4 1 1
mimo-reasonix/internal/config/config.go:1283.2,1283.12 1 1
mimo-reasonix/internal/config/config.go:1311.24,1366.2 1 1
mimo-reasonix/internal/config/config.go:1372.47,1374.2 1 1
mimo-reasonix/internal/config/config.go:1377.63,1378.29 1 1
mimo-reasonix/internal/config/config.go:1378.29,1379.34 1 1
mimo-reasonix/internal/config/config.go:1379.34,1381.4 1 1
mimo-reasonix/internal/config/config.go:1383.2,1383.19 1 1
mimo-reasonix/internal/config/config.go:1396.66,1397.15 1 1
mimo-reasonix/internal/config/config.go:1397.15,1399.3 1 1
mimo-reasonix/internal/config/config.go:1400.2,1400.83 1 1
mimo-reasonix/internal/config/config.go:1400.83,1402.3 1 1
mimo-reasonix/internal/config/config.go:1404.2,1404.50 1 1
mimo-reasonix/internal/config/config.go:1404.50,1405.63 1 1
mimo-reasonix/internal/config/config.go:1405.63,1410.4 4 1
mimo-reasonix/internal/config/config.go:1413.2,1413.40 1 1
mimo-reasonix/internal/config/config.go:1413.40,1418.3 4 1
mimo-reasonix/internal/config/config.go:1420.2,1420.29 1 1
mimo-reasonix/internal/config/config.go:1420.29,1421.35 1 1
mimo-reasonix/internal/config/config.go:1421.35,1426.4 4 1
mimo-reasonix/internal/config/config.go:1428.2,1428.19 1 1
mimo-reasonix/internal/config/config.go:1435.100,1437.15 2 1
mimo-reasonix/internal/config/config.go:1437.15,1438.45 1 1
mimo-reasonix/internal/config/config.go:1438.45,1440.4 1 1
mimo-reasonix/internal/config/config.go:1446.2,1446.51 1 1
mimo-reasonix/internal/config/config.go:1446.51,1447.74 1 1
mimo-reasonix/internal/config/config.go:1447.74,1449.4 1 1
mimo-reasonix/internal/config/config.go:1451.2,1451.29 1 1
mimo-reasonix/internal/config/config.go:1451.29,1456.49 2 1
mimo-reasonix/internal/config/config.go:1456.49,1457.12 1 1
mimo-reasonix/internal/config/config.go:1459.3,1459.53 1 1
mimo-reasonix/internal/config/config.go:1461.2,1461.25 1 1
mimo-reasonix/internal/config/config.go:1465.41,1466.14 1 1
mimo-reasonix/internal/config/config.go:1466.14,1468.3 1 0
mimo-reasonix/internal/config/config.go:1469.2,1469.28 1 1
mimo-reasonix/internal/config/config.go:1469.28,1471.3 1 1
mimo-reasonix/internal/config/config.go:1472.2,1472.23 1 1
mimo-reasonix/internal/config/config.go:1472.23,1474.3 1 1
mimo-reasonix/internal/config/config.go:1475.2,1476.9 2 1
mimo-reasonix/internal/config/config.go:1476.9,1478.3 1 1
mimo-reasonix/internal/config/config.go:1479.2,1479.14 1 0
mimo-reasonix/internal/config/config.go:1486.63,1487.14 1 1
mimo-reasonix/internal/config/config.go:1487.14,1489.3 1 0
mimo-reasonix/internal/config/config.go:1490.2,1491.15 2 1
mimo-reasonix/internal/config/config.go:1491.15,1493.3 1 0
mimo-reasonix/internal/config/config.go:1494.2,1495.17 2 1
mimo-reasonix/internal/config/config.go:1495.17,1497.3 1 0
mimo-reasonix/internal/config/config.go:1498.2,1499.95 2 1
mimo-reasonix/internal/config/config.go:1502.52,1503.54 1 0
mimo-reasonix/internal/config/config.go:1503.54,1505.3 1 0
mimo-reasonix/internal/config/config.go:1506.2,1506.28 1 0
mimo-reasonix/internal/config/config.go:1506.28,1508.3 1 0
mimo-reasonix/internal/config/config.go:1509.2,1509.75 1 0
mimo-reasonix/internal/config/config.go:1517.47,1518.14 1 1
mimo-reasonix/internal/config/config.go:1518.14,1520.3 1 0
mimo-reasonix/internal/config/config.go:1521.2,1521.42 1 1
mimo-reasonix/internal/config/config.go:1521.42,1523.3 1 1
mimo-reasonix/internal/config/config.go:1524.2,1524.55 1 1
mimo-reasonix/internal/config/config.go:1527.53,1528.35 1 1
mimo-reasonix/internal/config/config.go:1529.118,1530.14 1 1
mimo-reasonix/internal/config/config.go:1531.10,1532.15 1 1
mimo-reasonix/internal/config/config.go:1536.58,1538.16 2 1
mimo-reasonix/internal/config/config.go:1538.16,1540.3 1 0
mimo-reasonix/internal/config/config.go:1541.2,1542.66 2 1
mimo-reasonix/internal/config/config.go:1542.66,1544.3 1 0
mimo-reasonix/internal/config/config.go:1545.2,1546.16 2 1
mimo-reasonix/internal/config/config.go:1546.16,1548.3 1 1
mimo-reasonix/internal/config/config.go:1549.2,1549.75 1 1
mimo-reasonix/internal/config/config.go:1555.43,1557.2 1 1
mimo-reasonix/internal/config/config.go:1560.56,1562.2 1 0
mimo-reasonix/internal/config/config.go:1567.74,1568.36 1 1
mimo-reasonix/internal/config/config.go:1568.36,1570.28 2 1
mimo-reasonix/internal/config/config.go:1570.28,1572.4 1 1
mimo-reasonix/internal/config/config.go:1573.3,1574.17 2 1
mimo-reasonix/internal/config/config.go:1574.17,1576.4 1 0
mimo-reasonix/internal/config/config.go:1577.3,1577.43 1 1
mimo-reasonix/internal/config/config.go:1579.2,1579.51 1 0
mimo-reasonix/internal/config/config.go:1579.51,1581.3 1 0
mimo-reasonix/internal/config/config.go:1582.2,1582.34 1 0
mimo-reasonix/internal/config/config.go:1586.47,1588.9 2 1
mimo-reasonix/internal/config/config.go:1588.9,1590.3 1 0
mimo-reasonix/internal/config/config.go:1591.2,1591.18 1 1
mimo-reasonix/internal/config/config.go:1591.18,1593.3 1 0
mimo-reasonix/internal/config/config.go:1594.2,1594.21 1 1
mimo-reasonix/internal/config/config.go:1594.21,1596.3 1 0
mimo-reasonix/internal/config/config.go:1597.2,1597.44 1 1
mimo-reasonix/internal/config/config.go:1597.44,1599.3 1 0
mimo-reasonix/internal/config/config.go:1600.2,1600.12 1 1
mimo-reasonix/internal/config/config.go:1603.41,1605.32 2 1
mimo-reasonix/internal/config/config.go:1605.32,1607.3 1 1
mimo-reasonix/internal/config/config.go:1608.2,1608.34 1 1
mimo-reasonix/internal/config/credentials.go:71.68,73.2 1 1
mimo-reasonix/internal/config/credentials.go:78.82,80.15 2 1
mimo-reasonix/internal/config/credentials.go:80.15,82.3 1 0
mimo-reasonix/internal/config/credentials.go:83.2,83.14 1 1
mimo-reasonix/internal/config/credentials.go:83.14,85.3 1 0
mimo-reasonix/internal/config/credentials.go:87.2,89.31 3 1
mimo-reasonix/internal/config/credentials.go:89.31,91.3 1 1
mimo-reasonix/internal/config/credentials.go:92.2,92.47 1 1
mimo-reasonix/internal/config/credentials.go:92.47,94.3 1 1
mimo-reasonix/internal/config/credentials.go:95.2,97.12 3 1
mimo-reasonix/internal/config/credentials.go:100.79,101.27 1 1
mimo-reasonix/internal/config/credentials.go:101.27,103.3 1 1
mimo-reasonix/internal/config/credentials.go:104.2,104.12 1 1
mimo-reasonix/internal/config/credentials.go:107.52,108.50 1 1
mimo-reasonix/internal/config/credentials.go:109.31,110.33 1 0
mimo-reasonix/internal/config/credentials.go:111.28,112.30 1 1
mimo-reasonix/internal/config/credentials.go:113.10,114.30 1 1
mimo-reasonix/internal/config/credentials.go:118.36,119.84 1 1
mimo-reasonix/internal/config/credentials.go:119.84,121.3 1 1
mimo-reasonix/internal/config/credentials.go:122.2,125.46 2 1
mimo-reasonix/internal/config/credentials.go:125.46,127.3 1 1
mimo-reasonix/internal/config/credentials.go:128.2,128.60 1 1
mimo-reasonix/internal/config/credentials.go:131.54,136.17 4 1
mimo-reasonix/internal/config/credentials.go:136.17,138.3 1 1
mimo-reasonix/internal/config/credentials.go:139.2,139.42 1 1
mimo-reasonix/internal/config/credentials.go:139.42,141.3 1 1
mimo-reasonix/internal/config/credentials.go:142.2,144.42 3 1
mimo-reasonix/internal/config/credentials.go:144.42,146.3 1 1
mimo-reasonix/internal/config/credentials.go:147.2,148.83 2 1
mimo-reasonix/internal/config/credentials.go:148.83,150.3 1 1
mimo-reasonix/internal/config/credentials.go:152.2,152.42 1 1
mimo-reasonix/internal/config/credentials.go:155.57,158.27 3 1
mimo-reasonix/internal/config/credentials.go:158.27,160.31 2 1
mimo-reasonix/internal/config/credentials.go:160.31,162.4 1 1
mimo-reasonix/internal/config/credentials.go:163.3,164.26 2 1
mimo-reasonix/internal/config/credentials.go:166.2,166.34 1 1
mimo-reasonix/internal/config/credentials.go:166.34,168.3 1 1
mimo-reasonix/internal/config/credentials.go:169.2,172.43 4 1
mimo-reasonix/internal/config/credentials.go:172.43,175.3 2 0
mimo-reasonix/internal/config/credentials.go:176.2,177.12 2 1
mimo-reasonix/internal/config/credentials.go:180.66,181.43 1 1
mimo-reasonix/internal/config/credentials.go:181.43,183.3 1 0
mimo-reasonix/internal/config/credentials.go:184.2,185.31 2 1
mimo-reasonix/internal/config/credentials.go:185.31,187.3 1 1
mimo-reasonix/internal/config/credentials.go:190.96,191.18 1 1
mimo-reasonix/internal/config/credentials.go:191.18,193.3 1 0
mimo-reasonix/internal/config/credentials.go:194.2,195.15 2 1
mimo-reasonix/internal/config/credentials.go:195.15,199.3 3 0
mimo-reasonix/internal/config/credentials.go:200.2,200.21 1 1
mimo-reasonix/internal/config/credentials.go:200.21,202.3 1 0
mimo-reasonix/internal/config/credentials.go:203.2,204.33 2 1
mimo-reasonix/internal/config/credentials.go:204.33,208.3 3 1
mimo-reasonix/internal/config/credentials.go:209.2,210.35 2 1
mimo-reasonix/internal/config/credentials.go:213.59,215.2 1 0
mimo-reasonix/internal/config/credentials.go:217.46,219.21 2 1
mimo-reasonix/internal/config/credentials.go:219.21,221.3 1 0
mimo-reasonix/internal/config/credentials.go:222.2,222.41 1 1
mimo-reasonix/internal/config/credentials.go:222.41,224.3 1 1
mimo-reasonix/internal/config/credentials.go:229.59,231.27 2 1
mimo-reasonix/internal/config/credentials.go:231.27,233.3 1 0
mimo-reasonix/internal/config/credentials.go:234.2,234.83 1 1
mimo-reasonix/internal/config/credentials.go:234.83,236.3 1 0
mimo-reasonix/internal/config/credentials.go:237.2,238.35 2 1
mimo-reasonix/internal/config/credentials.go:241.55,243.27 2 1
mimo-reasonix/internal/config/credentials.go:243.27,245.3 1 1
mimo-reasonix/internal/config/credentials.go:246.2,246.40 1 1
mimo-reasonix/internal/config/credentials.go:246.40,248.3 1 1
mimo-reasonix/internal/config/credentials.go:249.2,249.58 1 1
mimo-reasonix/internal/config/credentials.go:252.41,254.40 2 1
mimo-reasonix/internal/config/credentials.go:254.40,256.3 1 0
mimo-reasonix/internal/config/credentials.go:257.2,257.47 1 1
mimo-reasonix/internal/config/credentials.go:257.47,258.61 1 1
mimo-reasonix/internal/config/credentials.go:258.61,260.4 1 0
mimo-reasonix/internal/config/credentials.go:262.2,262.25 1 1
mimo-reasonix/internal/config/credentials.go:265.39,267.15 2 0
mimo-reasonix/internal/config/credentials.go:267.15,269.3 1 0
mimo-reasonix/internal/config/credentials.go:270.2,270.30 1 0
mimo-reasonix/internal/config/credentials.go:273.40,275.15 2 1
mimo-reasonix/internal/config/credentials.go:275.15,277.3 1 0
mimo-reasonix/internal/config/credentials.go:278.2,278.52 1 1
mimo-reasonix/internal/config/credentials.go:281.52,283.15 2 1
mimo-reasonix/internal/config/credentials.go:283.15,285.3 1 0
mimo-reasonix/internal/config/credentials.go:286.2,286.52 1 1
mimo-reasonix/internal/config/credentials.go:289.56,291.15 2 1
mimo-reasonix/internal/config/credentials.go:291.15,293.3 1 0
mimo-reasonix/internal/config/credentials.go:294.2,294.57 1 1
mimo-reasonix/internal/config/credentials.go:297.44,299.2 1 0
mimo-reasonix/internal/config/credentials.go:301.61,303.28 2 1
mimo-reasonix/internal/config/credentials.go:303.28,305.49 2 1
mimo-reasonix/internal/config/credentials.go:305.49,306.12 1 1
mimo-reasonix/internal/config/credentials.go:308.3,311.73 4 1
mimo-reasonix/internal/config/credentials.go:311.73,312.12 1 1
mimo-reasonix/internal/config/credentials.go:314.3,314.19 1 1
mimo-reasonix/internal/config/credentials.go:316.2,316.12 1 1
mimo-reasonix/internal/config/credentials.go:319.62,320.38 1 1
mimo-reasonix/internal/config/credentials.go:320.38,323.3 2 1
mimo-reasonix/internal/config/credentials.go:326.49,329.30 3 0
mimo-reasonix/internal/config/credentials.go:329.30,331.3 1 0
mimo-reasonix/internal/config/credentials.go:332.2,334.85 3 0
mimo-reasonix/internal/config/credentials.go:334.85,336.3 1 0
mimo-reasonix/internal/config/credentials.go:337.2,337.53 1 0
mimo-reasonix/internal/config/credentials.go:337.53,339.3 1 0
mimo-reasonix/internal/config/credentials.go:340.2,343.3 1 0
mimo-reasonix/internal/config/credentials.go:346.73,348.30 2 1
mimo-reasonix/internal/config/credentials.go:348.30,350.3 1 0
mimo-reasonix/internal/config/credentials.go:351.2,354.34 4 1
mimo-reasonix/internal/config/credentials.go:357.68,361.35 4 1
mimo-reasonix/internal/config/credentials.go:361.35,363.3 1 0
mimo-reasonix/internal/config/credentials.go:364.2,364.29 1 1
mimo-reasonix/internal/config/credentials.go:367.60,368.43 1 1
mimo-reasonix/internal/config/credentials.go:368.43,370.3 1 1
mimo-reasonix/internal/config/credentials.go:371.2,371.21 1 1
mimo-reasonix/internal/config/credentials.go:372.34,373.24 1 1
mimo-reasonix/internal/config/credentials.go:374.35,375.37 1 0
mimo-reasonix/internal/config/credentials.go:376.31,377.21 1 1
mimo-reasonix/internal/config/credentials.go:378.30,379.44 1 0
mimo-reasonix/internal/config/credentials.go:380.35,381.32 1 0
mimo-reasonix/internal/config/credentials.go:382.10,383.12 1 0
mimo-reasonix/internal/config/credentials.go:387.57,389.2 1 0
mimo-reasonix/internal/config/credentials.go:391.70,394.15 3 1
mimo-reasonix/internal/config/credentials.go:394.15,396.3 1 0
mimo-reasonix/internal/config/credentials.go:397.2,398.17 2 1
mimo-reasonix/internal/config/credentials.go:398.17,400.3 1 0
mimo-reasonix/internal/config/credentials.go:401.2,403.53 3 1
mimo-reasonix/internal/config/credentials.go:403.53,405.3 1 1
mimo-reasonix/internal/config/credentials.go:405.8,405.70 1 0
mimo-reasonix/internal/config/credentials.go:405.70,407.3 1 0
mimo-reasonix/internal/config/credentials.go:407.8,409.3 1 0
mimo-reasonix/internal/config/credentials.go:410.2,412.12 3 1
mimo-reasonix/internal/config/credentials.go:415.81,418.2 2 1
mimo-reasonix/internal/config/credentials.go:420.81,423.15 3 1
mimo-reasonix/internal/config/credentials.go:423.15,425.3 1 0
mimo-reasonix/internal/config/credentials.go:426.2,426.63 1 1
mimo-reasonix/internal/config/credentials.go:426.63,433.3 6 1
mimo-reasonix/internal/config/credentials.go:434.2,434.12 1 1
mimo-reasonix/internal/config/credentials.go:437.73,438.41 1 1
mimo-reasonix/internal/config/credentials.go:438.41,439.59 1 1
mimo-reasonix/internal/config/credentials.go:439.59,441.4 1 1
mimo-reasonix/internal/config/credentials.go:443.2,443.38 1 1
mimo-reasonix/internal/config/credentials.go:446.78,447.61 1 0
mimo-reasonix/internal/config/credentials.go:447.61,448.67 1 0
mimo-reasonix/internal/config/credentials.go:448.67,451.4 2 0
mimo-reasonix/internal/config/credentials.go:453.2,453.34 1 0
mimo-reasonix/internal/config/credentials.go:456.107,458.61 2 1
mimo-reasonix/internal/config/credentials.go:458.61,459.46 1 1
mimo-reasonix/internal/config/credentials.go:459.46,460.12 1 1
mimo-reasonix/internal/config/credentials.go:462.3,462.73 1 1
mimo-reasonix/internal/config/credentials.go:462.73,465.4 2 1
mimo-reasonix/internal/config/credentials.go:467.2,467.12 1 1
mimo-reasonix/internal/config/credentials.go:470.65,474.31 4 1
mimo-reasonix/internal/config/credentials.go:474.31,476.3 1 1
mimo-reasonix/internal/config/credentials.go:477.2,478.41 2 1
mimo-reasonix/internal/config/credentials.go:478.41,480.3 1 1
mimo-reasonix/internal/config/credentials.go:481.2,481.47 1 1
mimo-reasonix/internal/config/credentials.go:481.47,483.3 1 1
mimo-reasonix/internal/config/credentials.go:484.2,484.12 1 1
mimo-reasonix/internal/config/credentials.go:487.55,488.22 1 1
mimo-reasonix/internal/config/credentials.go:488.22,490.3 1 1
mimo-reasonix/internal/config/credentials.go:491.2,491.34 1 1
mimo-reasonix/internal/config/credentials.go:491.34,493.3 1 1
mimo-reasonix/internal/config/credentials.go:494.2,494.33 1 1
mimo-reasonix/internal/config/credentials.go:497.79,498.35 1 1
mimo-reasonix/internal/config/credentials.go:498.35,500.3 1 0
mimo-reasonix/internal/config/credentials.go:501.2,502.16 2 1
mimo-reasonix/internal/config/credentials.go:502.16,504.3 1 0
mimo-reasonix/internal/config/credentials.go:505.2,506.29 2 1
mimo-reasonix/internal/config/credentials.go:506.29,507.52 1 1
mimo-reasonix/internal/config/credentials.go:507.52,508.39 1 1
mimo-reasonix/internal/config/credentials.go:508.39,509.13 1 1
mimo-reasonix/internal/config/credentials.go:512.3,512.36 1 1
mimo-reasonix/internal/config/credentials.go:514.2,516.29 3 1
mimo-reasonix/internal/config/credentials.go:516.29,518.10 2 1
mimo-reasonix/internal/config/credentials.go:518.10,519.12 1 0
mimo-reasonix/internal/config/credentials.go:521.3,521.42 1 1
mimo-reasonix/internal/config/credentials.go:521.42,524.4 2 1
mimo-reasonix/internal/config/credentials.go:526.2,527.31 2 1
mimo-reasonix/internal/config/credentials.go:527.31,529.3 1 1
mimo-reasonix/internal/config/credentials.go:530.2,531.27 2 1
mimo-reasonix/internal/config/credentials.go:531.27,532.21 1 1
mimo-reasonix/internal/config/credentials.go:532.21,534.4 1 1
mimo-reasonix/internal/config/credentials.go:536.2,536.46 1 1
mimo-reasonix/internal/config/credentials.go:539.55,541.16 2 1
mimo-reasonix/internal/config/credentials.go:541.16,543.3 1 0
mimo-reasonix/internal/config/credentials.go:544.2,545.29 2 1
mimo-reasonix/internal/config/credentials.go:545.29,546.55 1 1
mimo-reasonix/internal/config/credentials.go:546.55,547.12 1 1
mimo-reasonix/internal/config/credentials.go:549.3,549.62 1 0
mimo-reasonix/internal/config/credentials.go:549.62,550.12 1 0
mimo-reasonix/internal/config/credentials.go:552.3,552.26 1 0
mimo-reasonix/internal/config/credentials.go:554.2,555.44 2 1
mimo-reasonix/internal/config/credentials.go:558.61,560.16 2 1
mimo-reasonix/internal/config/credentials.go:560.16,561.25 1 1
mimo-reasonix/internal/config/credentials.go:561.25,563.4 1 1
mimo-reasonix/internal/config/credentials.go:564.3,564.18 1 0
mimo-reasonix/internal/config/credentials.go:566.2,567.16 2 1
mimo-reasonix/internal/config/credentials.go:567.16,569.3 1 0
mimo-reasonix/internal/config/credentials.go:570.2,570.39 1 1
mimo-reasonix/internal/config/credentials.go:573.66,574.35 1 1
mimo-reasonix/internal/config/credentials.go:574.35,576.3 1 0
mimo-reasonix/internal/config/credentials.go:577.2,578.20 2 1
mimo-reasonix/internal/config/credentials.go:578.20,580.3 1 1
mimo-reasonix/internal/config/credentials.go:581.2,582.29 2 1
mimo-reasonix/internal/config/credentials.go:582.29,583.49 1 1
mimo-reasonix/internal/config/credentials.go:583.49,585.4 1 0
mimo-reasonix/internal/config/credentials.go:587.2,588.16 2 1
mimo-reasonix/internal/config/credentials.go:588.16,590.3 1 0
mimo-reasonix/internal/config/credentials.go:591.2,592.48 2 1
mimo-reasonix/internal/config/credentials.go:592.48,596.3 3 0
mimo-reasonix/internal/config/credentials.go:597.2,597.36 1 1
mimo-reasonix/internal/config/credentials.go:597.36,600.3 2 0
mimo-reasonix/internal/config/credentials.go:601.2,601.49 1 1
mimo-reasonix/internal/config/credentials.go:601.49,604.3 2 0
mimo-reasonix/internal/config/credentials.go:605.2,605.60 1 1
mimo-reasonix/internal/config/credentials.go:605.60,608.3 2 0
mimo-reasonix/internal/config/credentials.go:609.2,609.12 1 1
mimo-reasonix/internal/config/credentials.go:612.52,614.54 2 1
mimo-reasonix/internal/config/credentials.go:614.54,616.3 1 0
mimo-reasonix/internal/config/credentials.go:617.2,619.40 3 1
mimo-reasonix/internal/config/credentials.go:622.59,624.58 2 1
mimo-reasonix/internal/config/credentials.go:624.58,626.3 1 1
mimo-reasonix/internal/config/credentials.go:627.2,628.34 2 1
mimo-reasonix/internal/config/credentials.go:631.39,632.15 1 1
mimo-reasonix/internal/config/credentials.go:632.15,634.3 1 0
mimo-reasonix/internal/config/credentials.go:635.2,635.24 1 1
mimo-reasonix/internal/config/credentials.go:635.24,636.96 1 1
mimo-reasonix/internal/config/credentials.go:636.96,637.12 1 1
mimo-reasonix/internal/config/credentials.go:639.3,639.15 1 1
mimo-reasonix/internal/config/credentials.go:641.2,641.13 1 1
mimo-reasonix/internal/config/credentials.go:644.45,645.35 1 1
mimo-reasonix/internal/config/credentials.go:645.35,647.3 1 0
mimo-reasonix/internal/config/credentials.go:648.2,649.45 2 1
mimo-reasonix/internal/config/credentials.go:652.50,653.35 1 1
mimo-reasonix/internal/config/credentials.go:653.35,655.3 1 0
mimo-reasonix/internal/config/credentials.go:656.2,657.16 2 1
mimo-reasonix/internal/config/credentials.go:657.16,659.3 1 0
mimo-reasonix/internal/config/credentials.go:660.2,660.29 1 1
mimo-reasonix/internal/config/credentials.go:660.29,661.62 1 1
mimo-reasonix/internal/config/credentials.go:661.62,663.4 1 1
mimo-reasonix/internal/config/credentials.go:665.2,665.14 1 1
mimo-reasonix/internal/config/credentials_keyring_unix.go:11.62,13.15 2 1
mimo-reasonix/internal/config/credentials_keyring_unix.go:13.15,15.3 1 0
mimo-reasonix/internal/config/credentials_keyring_unix.go:17.2,18.16 2 1
mimo-reasonix/internal/config/credentials_keyring_unix.go:18.16,20.3 1 0
mimo-reasonix/internal/config/credentials_keyring_unix.go:21.2,28.54 4 1
mimo-reasonix/internal/config/credentials_keyring_unix.go:28.54,30.3 1 0
mimo-reasonix/internal/config/credentials_keyring_unix.go:31.2,32.37 2 1
mimo-reasonix/internal/config/credentials_keyring_unix.go:32.37,34.3 1 1
mimo-reasonix/internal/config/credentials_keyring_unix.go:36.2,37.16 2 0
mimo-reasonix/internal/config/credentials_keyring_unix.go:37.16,39.3 1 0
mimo-reasonix/internal/config/credentials_keyring_unix.go:40.2,42.47 2 0
mimo-reasonix/internal/config/credentials_keyring_unix.go:42.47,44.3 1 0
mimo-reasonix/internal/config/credentials_keyring_unix.go:45.2,46.59 2 0
mimo-reasonix/internal/config/credentials_keyring_unix.go:46.59,48.3 1 0
mimo-reasonix/internal/config/credentials_keyring_unix.go:49.2,49.35 1 0
mimo-reasonix/internal/config/dotenv.go:13.19,15.2 1 1
mimo-reasonix/internal/config/dotenv.go:23.55,27.2 3 1
mimo-reasonix/internal/config/dotenv.go:29.67,32.17 3 1
mimo-reasonix/internal/config/dotenv.go:32.17,34.3 1 1
mimo-reasonix/internal/config/dotenv.go:35.2,35.80 1 1
mimo-reasonix/internal/config/dotenv.go:35.80,37.3 1 0
mimo-reasonix/internal/config/dotenv.go:38.2,38.55 1 1
mimo-reasonix/internal/config/dotenv.go:38.55,40.3 1 1
mimo-reasonix/internal/config/dotenv.go:43.49,45.15 2 1
mimo-reasonix/internal/config/dotenv.go:45.15,47.3 1 0
mimo-reasonix/internal/config/dotenv.go:48.2,49.43 2 1
mimo-reasonix/internal/config/dotenv.go:49.43,51.3 1 1
mimo-reasonix/internal/config/dotenv.go:52.2,52.15 1 1
mimo-reasonix/internal/config/dotenv.go:53.95,54.14 1 0
mimo-reasonix/internal/config/dotenv.go:55.10,56.15 1 1
mimo-reasonix/internal/config/dotenv.go:60.40,64.27 4 1
mimo-reasonix/internal/config/dotenv.go:64.27,65.17 1 1
mimo-reasonix/internal/config/dotenv.go:65.17,67.4 1 0
mimo-reasonix/internal/config/dotenv.go:68.3,69.47 2 1
mimo-reasonix/internal/config/dotenv.go:69.47,71.4 1 0
mimo-reasonix/internal/config/dotenv.go:72.3,72.17 1 1
mimo-reasonix/internal/config/dotenv.go:72.17,74.4 1 1
mimo-reasonix/internal/config/dotenv.go:75.3,76.30 2 1
mimo-reasonix/internal/config/dotenv.go:78.2,78.44 1 1
mimo-reasonix/internal/config/dotenv.go:78.44,80.3 1 1
mimo-reasonix/internal/config/dotenv.go:81.2,81.40 1 1
mimo-reasonix/internal/config/dotenv.go:81.40,83.3 1 1
mimo-reasonix/internal/config/dotenv.go:84.2,84.45 1 1
mimo-reasonix/internal/config/dotenv.go:84.45,86.3 1 1
mimo-reasonix/internal/config/dotenv.go:87.2,87.14 1 1
mimo-reasonix/internal/config/dotenv.go:90.61,92.16 2 1
mimo-reasonix/internal/config/dotenv.go:92.16,94.3 1 1
mimo-reasonix/internal/config/dotenv.go:95.2,98.16 3 1
mimo-reasonix/internal/config/dotenv.go:98.16,100.49 2 1
mimo-reasonix/internal/config/dotenv.go:100.49,101.12 1 0
mimo-reasonix/internal/config/dotenv.go:103.3,105.10 3 1
mimo-reasonix/internal/config/dotenv.go:105.10,106.12 1 0
mimo-reasonix/internal/config/dotenv.go:108.3,110.16 3 1
mimo-reasonix/internal/config/dotenv.go:110.16,111.12 1 0
mimo-reasonix/internal/config/dotenv.go:113.3,113.91 1 1
mimo-reasonix/internal/config/dotenv.go:113.91,115.12 2 0
mimo-reasonix/internal/config/dotenv.go:117.3,117.66 1 1
mimo-reasonix/internal/config/dotenv.go:117.66,120.4 2 1
mimo-reasonix/internal/config/dotenv.go:124.80,126.16 2 1
mimo-reasonix/internal/config/dotenv.go:126.16,128.3 1 1
mimo-reasonix/internal/config/dotenv.go:129.2,133.16 4 1
mimo-reasonix/internal/config/dotenv.go:133.16,135.49 2 1
mimo-reasonix/internal/config/dotenv.go:135.49,136.12 1 0
mimo-reasonix/internal/config/dotenv.go:138.3,140.10 3 1
mimo-reasonix/internal/config/dotenv.go:140.10,141.12 1 0
mimo-reasonix/internal/config/dotenv.go:143.3,144.47 2 1
mimo-reasonix/internal/config/dotenv.go:144.47,145.12 1 1
mimo-reasonix/internal/config/dotenv.go:147.3,147.56 1 1
mimo-reasonix/internal/config/dotenv.go:149.2,149.19 1 1
mimo-reasonix/internal/config/dotenv.go:149.19,151.3 1 0
mimo-reasonix/internal/config/dotenv.go:152.2,152.12 1 1
mimo-reasonix/internal/config/dotenv.go:155.56,157.16 2 1
mimo-reasonix/internal/config/dotenv.go:157.16,159.3 1 1
mimo-reasonix/internal/config/dotenv.go:160.2,163.16 3 1
mimo-reasonix/internal/config/dotenv.go:163.16,165.49 2 1
mimo-reasonix/internal/config/dotenv.go:165.49,166.12 1 1
mimo-reasonix/internal/config/dotenv.go:168.3,170.10 3 1
mimo-reasonix/internal/config/dotenv.go:170.10,171.12 1 1
mimo-reasonix/internal/config/dotenv.go:173.3,174.21 2 1
mimo-reasonix/internal/config/dotenv.go:174.21,175.12 1 1
mimo-reasonix/internal/config/dotenv.go:177.3,178.19 2 1
mimo-reasonix/internal/config/dotenv.go:180.2,180.18 1 1
mimo-reasonix/internal/config/edit.go:39.53,41.16 2 1
mimo-reasonix/internal/config/edit.go:41.16,43.3 1 1
mimo-reasonix/internal/config/edit.go:44.2,44.40 1 1
mimo-reasonix/internal/config/edit.go:44.40,46.3 1 1
mimo-reasonix/internal/config/edit.go:47.2,48.12 2 1
mimo-reasonix/internal/config/edit.go:53.53,54.16 1 1
mimo-reasonix/internal/config/edit.go:54.16,57.3 2 1
mimo-reasonix/internal/config/edit.go:58.2,58.36 1 1
mimo-reasonix/internal/config/edit.go:58.36,60.3 1 1
mimo-reasonix/internal/config/edit.go:61.2,62.12 2 1
mimo-reasonix/internal/config/edit.go:68.49,69.50 1 1
mimo-reasonix/internal/config/edit.go:70.13,71.27 1 1
mimo-reasonix/internal/config/edit.go:72.19,73.26 1 1
mimo-reasonix/internal/config/edit.go:74.10,75.58 1 1
mimo-reasonix/internal/config/edit.go:77.2,77.12 1 1
mimo-reasonix/internal/config/edit.go:82.71,83.50 1 1
mimo-reasonix/internal/config/edit.go:84.13,85.44 1 1
mimo-reasonix/internal/config/edit.go:86.14,87.45 1 1
mimo-reasonix/internal/config/edit.go:88.47,89.45 1 1
mimo-reasonix/internal/config/edit.go:90.10,91.82 1 1
mimo-reasonix/internal/config/edit.go:93.2,93.12 1 1
mimo-reasonix/internal/config/edit.go:97.63,100.2 2 1
mimo-reasonix/internal/config/edit.go:104.59,105.52 1 1
mimo-reasonix/internal/config/edit.go:106.49,107.34 1 1
mimo-reasonix/internal/config/edit.go:108.51,109.34 1 1
mimo-reasonix/internal/config/edit.go:110.10,111.75 1 1
mimo-reasonix/internal/config/edit.go:113.2,113.12 1 1
mimo-reasonix/internal/config/edit.go:120.56,122.44 2 1
mimo-reasonix/internal/config/edit.go:122.44,124.3 1 1
mimo-reasonix/internal/config/edit.go:125.2,125.29 1 1
mimo-reasonix/internal/config/edit.go:125.29,126.36 1 1
mimo-reasonix/internal/config/edit.go:126.36,129.4 2 1
mimo-reasonix/internal/config/edit.go:131.2,132.12 2 1
mimo-reasonix/internal/config/edit.go:136.63,137.29 1 1
mimo-reasonix/internal/config/edit.go:137.29,138.34 1 1
mimo-reasonix/internal/config/edit.go:138.34,141.4 2 1
mimo-reasonix/internal/config/edit.go:143.2,143.64 1 1
mimo-reasonix/internal/config/edit.go:147.49,148.50 1 1
mimo-reasonix/internal/config/edit.go:149.18,150.18 1 1
mimo-reasonix/internal/config/edit.go:151.12,152.20 1 0
mimo-reasonix/internal/config/edit.go:153.12,154.20 1 1
mimo-reasonix/internal/config/edit.go:155.10,156.61 1 0
mimo-reasonix/internal/config/edit.go:158.2,159.12 2 1
mimo-reasonix/internal/config/edit.go:164.58,165.50 1 1
mimo-reasonix/internal/config/edit.go:166.120,167.33 1 1
mimo-reasonix/internal/config/edit.go:168.39,169.35 1 1
mimo-reasonix/internal/config/edit.go:170.23,171.35 1 0
mimo-reasonix/internal/config/edit.go:172.10,173.71 1 1
mimo-reasonix/internal/config/edit.go:175.2,175.12 1 1
mimo-reasonix/internal/config/edit.go:180.56,181.50 1 1
mimo-reasonix/internal/config/edit.go:182.18,183.26 1 0
mimo-reasonix/internal/config/edit.go:184.12,185.28 1 1
mimo-reasonix/internal/config/edit.go:186.12,187.28 1 1
mimo-reasonix/internal/config/edit.go:188.10,189.69 1 0
mimo-reasonix/internal/config/edit.go:191.2,192.12 2 1
mimo-reasonix/internal/config/edit.go:197.66,198.51 1 1
mimo-reasonix/internal/config/edit.go:199.14,200.27 1 0
mimo-reasonix/internal/config/edit.go:201.15,202.28 1 0
mimo-reasonix/internal/config/edit.go:203.18,204.27 1 1
mimo-reasonix/internal/config/edit.go:205.10,206.72 1 0
mimo-reasonix/internal/config/edit.go:208.2,208.36 1 1
mimo-reasonix/internal/config/edit.go:208.36,211.3 2 0
mimo-reasonix/internal/config/edit.go:212.2,213.22 2 1
mimo-reasonix/internal/config/edit.go:213.22,215.3 1 0
mimo-reasonix/internal/config/edit.go:216.2,217.12 2 1
mimo-reasonix/internal/config/edit.go:222.60,223.51 1 1
mimo-reasonix/internal/config/edit.go:224.21,225.36 1 1
mimo-reasonix/internal/config/edit.go:226.32,227.38 1 1
mimo-reasonix/internal/config/edit.go:228.18,229.37 1 1
mimo-reasonix/internal/config/edit.go:230.10,231.90 1 1
mimo-reasonix/internal/config/edit.go:233.2,233.12 1 1
mimo-reasonix/internal/config/edit.go:239.61,240.50 1 1
mimo-reasonix/internal/config/edit.go:241.22,242.35 1 1
mimo-reasonix/internal/config/edit.go:243.32,244.41 1 1
mimo-reasonix/internal/config/edit.go:245.10,246.72 1 1
mimo-reasonix/internal/config/edit.go:248.2,248.12 1 1
mimo-reasonix/internal/config/edit.go:252.59,253.50 1 1
mimo-reasonix/internal/config/edit.go:254.28,255.36 1 1
mimo-reasonix/internal/config/edit.go:256.22,257.37 1 0
mimo-reasonix/internal/config/edit.go:258.10,259.71 1 0
mimo-reasonix/internal/config/edit.go:261.2,261.12 1 1
mimo-reasonix/internal/config/edit.go:266.63,267.51 1 1
mimo-reasonix/internal/config/edit.go:268.23,269.36 1 1
mimo-reasonix/internal/config/edit.go:270.37,271.36 1 1
mimo-reasonix/internal/config/edit.go:272.10,273.69 1 1
mimo-reasonix/internal/config/edit.go:275.2,275.12 1 1
mimo-reasonix/internal/config/edit.go:280.65,283.28 3 1
mimo-reasonix/internal/config/edit.go:283.28,285.27 2 1
mimo-reasonix/internal/config/edit.go:285.27,286.12 1 1
mimo-reasonix/internal/config/edit.go:288.3,288.38 1 1
mimo-reasonix/internal/config/edit.go:288.38,290.4 1 1
mimo-reasonix/internal/config/edit.go:291.3,292.18 2 1
mimo-reasonix/internal/config/edit.go:294.2,294.19 1 1
mimo-reasonix/internal/config/edit.go:294.19,296.3 1 1
mimo-reasonix/internal/config/edit.go:297.2,298.12 2 1
mimo-reasonix/internal/config/edit.go:303.61,306.2 2 0
mimo-reasonix/internal/config/edit.go:309.57,312.2 2 0
mimo-reasonix/internal/config/edit.go:315.58,318.2 2 0
mimo-reasonix/internal/config/edit.go:321.56,324.2 2 0
mimo-reasonix/internal/config/edit.go:327.56,329.2 1 1
mimo-reasonix/internal/config/edit.go:334.51,337.2 2 0
mimo-reasonix/internal/config/edit.go:343.50,346.2 2 0
mimo-reasonix/internal/config/edit.go:349.67,350.29 1 0
mimo-reasonix/internal/config/edit.go:350.29,351.34 1 0
mimo-reasonix/internal/config/edit.go:351.34,354.4 2 0
mimo-reasonix/internal/config/edit.go:356.2,356.66 1 0
mimo-reasonix/internal/config/edit.go:362.52,371.2 8 1
mimo-reasonix/internal/config/edit.go:375.47,378.29 3 1
mimo-reasonix/internal/config/edit.go:378.29,380.3 1 1
mimo-reasonix/internal/config/edit.go:381.2,381.17 1 1
mimo-reasonix/internal/config/edit.go:381.17,383.3 1 1
mimo-reasonix/internal/config/edit.go:384.2,385.27 2 1
mimo-reasonix/internal/config/edit.go:388.65,389.34 1 1
mimo-reasonix/internal/config/edit.go:389.34,391.3 1 1
mimo-reasonix/internal/config/edit.go:392.2,392.38 1 1
mimo-reasonix/internal/config/edit.go:392.38,394.3 1 1
mimo-reasonix/internal/config/edit.go:395.2,395.14 1 1
mimo-reasonix/internal/config/edit.go:402.52,405.29 3 1
mimo-reasonix/internal/config/edit.go:405.29,406.34 1 1
mimo-reasonix/internal/config/edit.go:406.34,408.9 2 1
mimo-reasonix/internal/config/edit.go:411.2,411.13 1 1
mimo-reasonix/internal/config/edit.go:411.13,413.3 1 1
mimo-reasonix/internal/config/edit.go:415.2,419.49 5 1
mimo-reasonix/internal/config/edit.go:419.49,420.43 1 1
mimo-reasonix/internal/config/edit.go:420.43,422.4 1 1
mimo-reasonix/internal/config/edit.go:425.2,426.110 2 1
mimo-reasonix/internal/config/edit.go:426.110,428.3 1 1
mimo-reasonix/internal/config/edit.go:429.2,429.43 1 1
mimo-reasonix/internal/config/edit.go:429.43,431.3 1 1
mimo-reasonix/internal/config/edit.go:433.2,435.25 2 1
mimo-reasonix/internal/config/edit.go:435.25,437.3 1 1
mimo-reasonix/internal/config/edit.go:438.2,438.25 1 1
mimo-reasonix/internal/config/edit.go:438.25,440.3 1 1
mimo-reasonix/internal/config/edit.go:441.2,441.26 1 1
mimo-reasonix/internal/config/edit.go:441.26,443.3 1 1
mimo-reasonix/internal/config/edit.go:444.2,444.47 1 1
mimo-reasonix/internal/config/edit.go:444.47,445.21 1 1
mimo-reasonix/internal/config/edit.go:445.21,447.4 1 1
mimo-reasonix/internal/config/edit.go:447.9,449.4 1 1
mimo-reasonix/internal/config/edit.go:451.2,451.12 1 1
mimo-reasonix/internal/config/edit.go:454.62,455.29 1 1
mimo-reasonix/internal/config/edit.go:455.29,457.67 2 1
mimo-reasonix/internal/config/edit.go:457.67,458.12 1 1
mimo-reasonix/internal/config/edit.go:460.3,460.16 1 1
mimo-reasonix/internal/config/edit.go:462.2,462.11 1 1
mimo-reasonix/internal/config/edit.go:466.46,467.9 1 1
mimo-reasonix/internal/config/edit.go:468.39,469.50 1 1
mimo-reasonix/internal/config/edit.go:470.39,471.61 1 1
mimo-reasonix/internal/config/edit.go:472.42,473.65 1 1
mimo-reasonix/internal/config/edit.go:474.31,475.62 1 1
mimo-reasonix/internal/config/edit.go:477.2,477.12 1 1
mimo-reasonix/internal/config/edit.go:480.48,481.38 1 1
mimo-reasonix/internal/config/edit.go:481.38,483.3 1 1
mimo-reasonix/internal/config/edit.go:484.2,484.29 1 1
mimo-reasonix/internal/config/edit.go:484.29,485.33 1 1
mimo-reasonix/internal/config/edit.go:485.33,487.4 1 1
mimo-reasonix/internal/config/edit.go:489.2,489.14 1 1
mimo-reasonix/internal/config/edit.go:495.55,496.50 1 1
mimo-reasonix/internal/config/edit.go:497.30,499.13 2 1
mimo-reasonix/internal/config/edit.go:500.10,501.72 1 1
mimo-reasonix/internal/config/edit.go:508.61,510.16 2 1
mimo-reasonix/internal/config/edit.go:510.16,512.3 1 1
mimo-reasonix/internal/config/edit.go:513.2,514.46 2 1
mimo-reasonix/internal/config/edit.go:514.46,516.3 1 1
mimo-reasonix/internal/config/edit.go:517.2,517.35 1 1
mimo-reasonix/internal/config/edit.go:517.35,518.23 1 1
mimo-reasonix/internal/config/edit.go:518.23,520.4 1 1
mimo-reasonix/internal/config/edit.go:522.2,523.12 2 1
mimo-reasonix/internal/config/edit.go:528.72,530.16 2 1
mimo-reasonix/internal/config/edit.go:530.16,532.3 1 0
mimo-reasonix/internal/config/edit.go:533.2,534.35 2 1
mimo-reasonix/internal/config/edit.go:534.35,535.23 1 1
mimo-reasonix/internal/config/edit.go:535.23,538.4 2 1
mimo-reasonix/internal/config/edit.go:540.2,540.19 1 1
mimo-reasonix/internal/config/edit.go:545.59,546.50 1 1
mimo-reasonix/internal/config/edit.go:547.17,548.35 1 1
mimo-reasonix/internal/config/edit.go:549.15,550.33 1 0
mimo-reasonix/internal/config/edit.go:551.16,552.34 1 1
mimo-reasonix/internal/config/edit.go:553.10,554.83 1 1
mimo-reasonix/internal/config/edit.go:560.50,562.16 2 1
mimo-reasonix/internal/config/edit.go:562.16,564.3 1 1
mimo-reasonix/internal/config/edit.go:565.2,567.42 3 1
mimo-reasonix/internal/config/edit.go:567.42,568.43 1 1
mimo-reasonix/internal/config/edit.go:568.43,570.4 1 1
mimo-reasonix/internal/config/edit.go:572.2,573.12 2 1
mimo-reasonix/internal/config/edit.go:578.61,580.16 2 1
mimo-reasonix/internal/config/edit.go:580.16,582.3 1 0
mimo-reasonix/internal/config/edit.go:583.2,584.42 2 1
mimo-reasonix/internal/config/edit.go:584.42,585.43 1 1
mimo-reasonix/internal/config/edit.go:585.43,588.4 2 1
mimo-reasonix/internal/config/edit.go:590.2,590.19 1 1
mimo-reasonix/internal/config/edit.go:594.54,596.16 2 1
mimo-reasonix/internal/config/edit.go:596.16,598.3 1 1
mimo-reasonix/internal/config/edit.go:599.2,600.16 2 1
mimo-reasonix/internal/config/edit.go:600.16,602.3 1 0
mimo-reasonix/internal/config/edit.go:603.2,604.12 2 1
mimo-reasonix/internal/config/edit.go:609.54,611.16 2 1
mimo-reasonix/internal/config/edit.go:611.16,613.3 1 1
mimo-reasonix/internal/config/edit.go:614.2,615.16 2 1
mimo-reasonix/internal/config/edit.go:615.16,617.3 1 0
mimo-reasonix/internal/config/edit.go:618.2,618.50 1 1
mimo-reasonix/internal/config/edit.go:618.50,619.43 1 1
mimo-reasonix/internal/config/edit.go:619.43,621.4 1 1
mimo-reasonix/internal/config/edit.go:623.2,624.12 2 1
mimo-reasonix/internal/config/edit.go:627.55,629.50 2 1
mimo-reasonix/internal/config/edit.go:629.50,630.43 1 1
mimo-reasonix/internal/config/edit.go:630.43,632.4 1 0
mimo-reasonix/internal/config/edit.go:634.2,634.31 1 1
mimo-reasonix/internal/config/edit.go:639.67,642.15 3 1
mimo-reasonix/internal/config/edit.go:642.15,644.3 1 1
mimo-reasonix/internal/config/edit.go:645.2,647.32 3 1
mimo-reasonix/internal/config/edit.go:647.32,648.36 1 1
mimo-reasonix/internal/config/edit.go:648.36,650.9 2 1
mimo-reasonix/internal/config/edit.go:653.2,653.13 1 1
mimo-reasonix/internal/config/edit.go:653.13,654.15 1 1
mimo-reasonix/internal/config/edit.go:654.15,656.4 1 1
mimo-reasonix/internal/config/edit.go:657.3,658.13 2 1
mimo-reasonix/internal/config/edit.go:660.2,660.13 1 1
mimo-reasonix/internal/config/edit.go:660.13,662.3 1 1
mimo-reasonix/internal/config/edit.go:663.2,664.12 2 1
mimo-reasonix/internal/config/edit.go:670.45,672.68 2 1
mimo-reasonix/internal/config/edit.go:672.68,673.48 1 0
mimo-reasonix/internal/config/edit.go:673.48,675.4 1 0
mimo-reasonix/internal/config/edit.go:676.8,676.24 1 1
mimo-reasonix/internal/config/edit.go:676.24,677.48 1 0
mimo-reasonix/internal/config/edit.go:677.48,679.4 1 0
mimo-reasonix/internal/config/edit.go:681.2,681.48 1 1
mimo-reasonix/internal/config/edit.go:681.48,683.3 1 1
mimo-reasonix/internal/config/edit.go:684.2,685.31 2 1
mimo-reasonix/internal/config/edit.go:685.31,687.3 1 0
mimo-reasonix/internal/config/edit.go:688.2,688.13 1 1
mimo-reasonix/internal/config/edit.go:694.52,696.42 2 1
mimo-reasonix/internal/config/edit.go:696.42,698.3 1 1
mimo-reasonix/internal/config/edit.go:699.2,699.27 1 1
mimo-reasonix/internal/config/edit.go:699.27,700.34 1 1
mimo-reasonix/internal/config/edit.go:700.34,703.4 2 1
mimo-reasonix/internal/config/edit.go:705.2,706.12 2 1
mimo-reasonix/internal/config/edit.go:710.49,711.27 1 1
mimo-reasonix/internal/config/edit.go:711.27,712.32 1 1
mimo-reasonix/internal/config/edit.go:712.32,715.4 2 1
mimo-reasonix/internal/config/edit.go:717.2,717.14 1 1
mimo-reasonix/internal/config/edit.go:723.84,724.27 1 1
mimo-reasonix/internal/config/edit.go:724.27,725.32 1 1
mimo-reasonix/internal/config/edit.go:725.32,726.12 1 0
mimo-reasonix/internal/config/edit.go:728.3,732.36 5 1
mimo-reasonix/internal/config/edit.go:734.2,734.92 1 0
mimo-reasonix/internal/config/edit.go:739.92,742.16 3 1
mimo-reasonix/internal/config/edit.go:742.16,744.3 1 0
mimo-reasonix/internal/config/edit.go:745.2,745.20 1 1
mimo-reasonix/internal/config/edit.go:745.20,747.3 1 0
mimo-reasonix/internal/config/edit.go:748.2,748.27 1 1
mimo-reasonix/internal/config/edit.go:748.27,749.32 1 1
mimo-reasonix/internal/config/edit.go:749.32,750.12 1 0
mimo-reasonix/internal/config/edit.go:752.3,753.36 2 1
mimo-reasonix/internal/config/edit.go:753.36,754.28 1 1
mimo-reasonix/internal/config/edit.go:754.28,757.5 2 1
mimo-reasonix/internal/config/edit.go:759.3,761.33 3 1
mimo-reasonix/internal/config/edit.go:763.2,763.92 1 0
mimo-reasonix/internal/config/edit.go:772.88,773.52 1 1
mimo-reasonix/internal/config/edit.go:773.52,776.17 3 1
mimo-reasonix/internal/config/edit.go:776.17,778.4 1 0
mimo-reasonix/internal/config/edit.go:779.3,779.14 1 1
mimo-reasonix/internal/config/edit.go:779.14,780.43 1 1
mimo-reasonix/internal/config/edit.go:780.43,782.5 1 0
mimo-reasonix/internal/config/edit.go:784.3,784.37 1 1
mimo-reasonix/internal/config/edit.go:786.2,787.16 2 1
mimo-reasonix/internal/config/edit.go:787.16,789.3 1 0
mimo-reasonix/internal/config/edit.go:790.2,790.43 1 1
mimo-reasonix/internal/config/edit.go:793.47,795.2 1 1
mimo-reasonix/internal/config/edit.go:800.109,801.65 1 1
mimo-reasonix/internal/config/edit.go:801.65,804.17 3 1
mimo-reasonix/internal/config/edit.go:804.17,806.4 1 0
mimo-reasonix/internal/config/edit.go:807.3,807.14 1 1
mimo-reasonix/internal/config/edit.go:807.14,808.43 1 1
mimo-reasonix/internal/config/edit.go:808.43,810.5 1 0
mimo-reasonix/internal/config/edit.go:812.3,812.37 1 1
mimo-reasonix/internal/config/edit.go:814.2,815.52 2 1
mimo-reasonix/internal/config/edit.go:815.52,817.3 1 1
mimo-reasonix/internal/config/edit.go:818.2,819.16 2 1
mimo-reasonix/internal/config/edit.go:819.16,821.3 1 0
mimo-reasonix/internal/config/edit.go:822.2,822.39 1 1
mimo-reasonix/internal/config/edit.go:825.96,827.2 1 0
mimo-reasonix/internal/config/edit.go:829.60,831.52 2 1
mimo-reasonix/internal/config/edit.go:831.52,833.3 1 1
mimo-reasonix/internal/config/edit.go:834.2,835.29 2 1
mimo-reasonix/internal/config/edit.go:835.29,836.36 1 1
mimo-reasonix/internal/config/edit.go:836.36,837.12 1 0
mimo-reasonix/internal/config/edit.go:839.3,840.33 2 1
mimo-reasonix/internal/config/edit.go:840.33,841.22 1 1
mimo-reasonix/internal/config/edit.go:841.22,843.5 1 1
mimo-reasonix/internal/config/edit.go:846.2,846.11 1 1
mimo-reasonix/internal/config/edit.go:850.42,851.37 1 1
mimo-reasonix/internal/config/edit.go:851.37,853.3 1 0
mimo-reasonix/internal/config/edit.go:854.2,854.30 1 1
mimo-reasonix/internal/config/edit.go:854.30,856.3 1 1
mimo-reasonix/internal/config/edit.go:857.2,857.46 1 1
mimo-reasonix/internal/config/edit.go:857.46,858.36 1 1
mimo-reasonix/internal/config/edit.go:858.36,860.4 1 1
mimo-reasonix/internal/config/edit.go:861.3,861.14 1 1
mimo-reasonix/internal/config/edit.go:861.14,863.4 1 1
mimo-reasonix/internal/config/edit.go:865.2,865.52 1 1
mimo-reasonix/internal/config/edit.go:866.19,867.41 1 1
mimo-reasonix/internal/config/edit.go:867.41,869.4 1 1
mimo-reasonix/internal/config/edit.go:870.40,871.37 1 1
mimo-reasonix/internal/config/edit.go:871.37,873.4 1 1
mimo-reasonix/internal/config/edit.go:874.10,875.88 1 1
mimo-reasonix/internal/config/edit.go:877.2,877.12 1 1
mimo-reasonix/internal/config/edit.go:889.44,891.33 2 1
mimo-reasonix/internal/config/edit.go:891.33,893.3 1 1
mimo-reasonix/internal/config/edit.go:894.2,894.35 1 1
mimo-reasonix/internal/config/edit.go:897.68,898.35 1 1
mimo-reasonix/internal/config/edit.go:898.35,900.3 1 0
mimo-reasonix/internal/config/edit.go:901.2,901.60 1 1
mimo-reasonix/internal/config/edit.go:906.60,907.35 1 1
mimo-reasonix/internal/config/edit.go:907.35,909.3 1 0
mimo-reasonix/internal/config/edit.go:911.2,912.16 2 1
mimo-reasonix/internal/config/edit.go:912.16,913.26 1 1
mimo-reasonix/internal/config/edit.go:913.26,915.4 1 0
mimo-reasonix/internal/config/edit.go:916.3,916.12 1 1
mimo-reasonix/internal/config/edit.go:919.2,922.11 3 1
mimo-reasonix/internal/config/edit.go:922.11,924.3 1 1
mimo-reasonix/internal/config/edit.go:926.2,927.104 2 1
mimo-reasonix/internal/config/edit.go:927.104,929.3 1 1
mimo-reasonix/internal/config/edit.go:930.2,931.54 2 1
mimo-reasonix/internal/config/edit.go:931.54,933.3 1 0
mimo-reasonix/internal/config/edit.go:936.2,936.36 1 1
mimo-reasonix/internal/config/edit.go:936.36,938.3 1 1
mimo-reasonix/internal/config/edit.go:939.2,939.19 1 1
mimo-reasonix/internal/config/edit.go:939.19,941.3 1 1
mimo-reasonix/internal/config/edit.go:942.2,942.36 1 1
mimo-reasonix/internal/config/edit.go:949.48,962.18 8 1
mimo-reasonix/internal/config/edit.go:962.18,963.20 1 1
mimo-reasonix/internal/config/edit.go:963.20,965.4 1 1
mimo-reasonix/internal/config/edit.go:966.3,967.120 2 1
mimo-reasonix/internal/config/edit.go:967.120,969.4 1 1
mimo-reasonix/internal/config/edit.go:969.9,971.4 1 1
mimo-reasonix/internal/config/edit.go:972.3,972.17 1 1
mimo-reasonix/internal/config/edit.go:975.2,975.29 1 1
mimo-reasonix/internal/config/edit.go:975.29,976.59 1 1
mimo-reasonix/internal/config/edit.go:976.59,981.12 5 1
mimo-reasonix/internal/config/edit.go:983.3,983.20 1 1
mimo-reasonix/internal/config/edit.go:983.20,985.12 2 1
mimo-reasonix/internal/config/edit.go:987.3,987.36 1 1
mimo-reasonix/internal/config/edit.go:987.36,989.4 1 1
mimo-reasonix/internal/config/edit.go:991.2,993.60 2 1
mimo-reasonix/internal/config/edit.go:993.60,995.3 1 1
mimo-reasonix/internal/config/edit.go:996.2,996.29 1 1
mimo-reasonix/internal/config/edit.go:996.29,998.3 1 1
mimo-reasonix/internal/config/edit.go:999.2,999.13 1 1
mimo-reasonix/internal/config/edit.go:1002.58,1003.51 1 1
mimo-reasonix/internal/config/edit.go:1003.51,1005.17 2 1
mimo-reasonix/internal/config/edit.go:1005.17,1006.12 1 1
mimo-reasonix/internal/config/edit.go:1008.3,1009.10 2 1
mimo-reasonix/internal/config/edit.go:1009.10,1010.12 1 0
mimo-reasonix/internal/config/edit.go:1012.3,1012.56 1 1
mimo-reasonix/internal/config/edit.go:1014.2,1014.13 1 1
mimo-reasonix/internal/config/edit.go:1019.77,1021.55 2 0
mimo-reasonix/internal/config/edit.go:1021.55,1023.3 1 0
mimo-reasonix/internal/config/edit.go:1024.2,1030.61 2 0
mimo-reasonix/internal/config/edit.go:1033.47,1034.35 1 1
mimo-reasonix/internal/config/edit.go:1034.35,1036.3 1 0
mimo-reasonix/internal/config/edit.go:1037.2,1037.75 1 1
mimo-reasonix/internal/config/edit.go:1040.46,1041.28 1 1
mimo-reasonix/internal/config/edit.go:1041.28,1043.3 1 1
mimo-reasonix/internal/config/edit.go:1044.2,1044.14 1 1
mimo-reasonix/internal/config/edit.go:1050.65,1051.35 1 0
mimo-reasonix/internal/config/edit.go:1051.35,1053.3 1 0
mimo-reasonix/internal/config/edit.go:1055.2,1056.16 2 0
mimo-reasonix/internal/config/edit.go:1056.16,1057.26 1 0
mimo-reasonix/internal/config/edit.go:1057.26,1059.4 1 0
mimo-reasonix/internal/config/edit.go:1060.3,1060.12 1 0
mimo-reasonix/internal/config/edit.go:1063.2,1066.16 3 0
mimo-reasonix/internal/config/edit.go:1066.16,1068.3 1 0
mimo-reasonix/internal/config/edit.go:1070.2,1071.36 2 0
mimo-reasonix/internal/config/edit.go:1078.70,1081.29 3 1
mimo-reasonix/internal/config/edit.go:1081.29,1083.43 2 1
mimo-reasonix/internal/config/edit.go:1083.43,1085.9 2 1
mimo-reasonix/internal/config/edit.go:1088.2,1088.19 1 1
mimo-reasonix/internal/config/edit.go:1088.19,1091.46 3 1
mimo-reasonix/internal/config/edit.go:1091.46,1093.11 2 1
mimo-reasonix/internal/config/edit.go:1093.11,1094.13 1 1
mimo-reasonix/internal/config/edit.go:1096.4,1096.84 1 1
mimo-reasonix/internal/config/edit.go:1096.84,1097.13 1 1
mimo-reasonix/internal/config/edit.go:1099.4,1100.9 2 1
mimo-reasonix/internal/config/edit.go:1102.3,1102.80 1 1
mimo-reasonix/internal/config/edit.go:1105.2,1105.29 1 1
mimo-reasonix/internal/config/edit.go:1105.29,1107.44 2 1
mimo-reasonix/internal/config/edit.go:1107.44,1108.12 1 1
mimo-reasonix/internal/config/edit.go:1110.3,1111.30 2 1
mimo-reasonix/internal/config/edit.go:1111.30,1112.32 1 1
mimo-reasonix/internal/config/edit.go:1112.32,1113.13 1 1
mimo-reasonix/internal/config/edit.go:1115.4,1115.56 1 1
mimo-reasonix/internal/config/edit.go:1115.56,1117.10 2 1
mimo-reasonix/internal/config/edit.go:1120.3,1120.53 1 1
mimo-reasonix/internal/config/edit.go:1122.2,1122.60 1 1
mimo-reasonix/internal/config/edit.go:1125.57,1127.29 2 1
mimo-reasonix/internal/config/edit.go:1127.29,1129.33 2 1
mimo-reasonix/internal/config/edit.go:1129.33,1130.12 1 1
mimo-reasonix/internal/config/edit.go:1132.3,1133.39 2 1
mimo-reasonix/internal/config/edit.go:1133.39,1135.11 2 1
mimo-reasonix/internal/config/edit.go:1135.11,1136.13 1 1
mimo-reasonix/internal/config/edit.go:1138.4,1138.107 1 0
mimo-reasonix/internal/config/edit.go:1138.107,1139.13 1 0
mimo-reasonix/internal/config/edit.go:1141.4,1142.9 2 0
mimo-reasonix/internal/config/edit.go:1144.3,1144.72 1 1
mimo-reasonix/internal/config/edit.go:1146.2,1146.13 1 0
mimo-reasonix/internal/config/edit.go:1155.48,1156.16 1 1
mimo-reasonix/internal/config/edit.go:1156.16,1158.3 1 1
mimo-reasonix/internal/config/edit.go:1159.2,1160.37 2 1
mimo-reasonix/internal/config/edit.go:1160.37,1162.61 2 1
mimo-reasonix/internal/config/edit.go:1162.61,1164.4 1 1
mimo-reasonix/internal/config/edit.go:1165.3,1166.14 2 1
mimo-reasonix/internal/config/edit.go:1168.2,1168.14 1 1
mimo-reasonix/internal/config/edit.go:1171.62,1173.54 2 1
mimo-reasonix/internal/config/edit.go:1173.54,1175.3 1 1
mimo-reasonix/internal/config/edit.go:1176.2,1176.52 1 1
mimo-reasonix/internal/config/edit.go:1176.52,1178.3 1 1
mimo-reasonix/internal/config/edit.go:1179.2,1179.74 1 1
mimo-reasonix/internal/config/edit.go:1179.74,1182.3 2 1
mimo-reasonix/internal/config/edit.go:1183.2,1183.72 1 1
mimo-reasonix/internal/config/edit.go:1183.72,1186.3 2 1
mimo-reasonix/internal/config/edit.go:1187.2,1187.25 1 1
mimo-reasonix/internal/config/edit.go:1190.65,1193.29 3 1
mimo-reasonix/internal/config/edit.go:1193.29,1194.55 1 1
mimo-reasonix/internal/config/edit.go:1194.55,1196.9 2 1
mimo-reasonix/internal/config/edit.go:1198.3,1198.62 1 1
mimo-reasonix/internal/config/edit.go:1198.62,1200.4 1 1
mimo-reasonix/internal/config/edit.go:1202.2,1202.52 1 1
mimo-reasonix/internal/config/edit.go:1205.50,1207.54 2 1
mimo-reasonix/internal/config/edit.go:1207.54,1209.3 1 1
mimo-reasonix/internal/config/edit.go:1210.2,1210.52 1 1
mimo-reasonix/internal/config/edit.go:1210.52,1212.3 1 1
mimo-reasonix/internal/config/edit.go:1213.2,1214.9 2 1
mimo-reasonix/internal/config/edit.go:1214.9,1216.3 1 0
mimo-reasonix/internal/config/edit.go:1217.2,1218.45 2 1
mimo-reasonix/internal/config/edit.go:1218.45,1220.3 1 0
mimo-reasonix/internal/config/edit.go:1221.2,1221.18 1 1
mimo-reasonix/internal/config/edit.go:1224.52,1225.43 1 1
mimo-reasonix/internal/config/edit.go:1225.43,1226.55 1 1
mimo-reasonix/internal/config/edit.go:1226.55,1228.4 1 1
mimo-reasonix/internal/config/edit.go:1229.3,1229.62 1 1
mimo-reasonix/internal/config/edit.go:1229.62,1231.4 1 1
mimo-reasonix/internal/config/edit.go:1233.2,1233.14 1 1
mimo-reasonix/internal/config/edit.go:1236.56,1237.43 1 1
mimo-reasonix/internal/config/edit.go:1237.43,1239.32 2 1
mimo-reasonix/internal/config/edit.go:1239.32,1241.4 1 1
mimo-reasonix/internal/config/edit.go:1243.2,1243.14 1 1
mimo-reasonix/internal/config/edit.go:1246.50,1247.28 1 1
mimo-reasonix/internal/config/edit.go:1247.28,1249.3 1 1
mimo-reasonix/internal/config/edit.go:1250.2,1250.27 1 1
mimo-reasonix/internal/config/edit.go:1253.41,1255.16 2 1
mimo-reasonix/internal/config/edit.go:1255.16,1257.3 1 0
mimo-reasonix/internal/config/edit.go:1258.2,1258.48 1 1
mimo-reasonix/internal/config/edit.go:1258.48,1260.15 2 1
mimo-reasonix/internal/config/edit.go:1260.15,1261.12 1 0
mimo-reasonix/internal/config/edit.go:1263.3,1265.37 3 1
mimo-reasonix/internal/config/edit.go:1265.37,1266.56 1 1
mimo-reasonix/internal/config/edit.go:1266.56,1268.5 1 1
mimo-reasonix/internal/config/edit.go:1269.4,1269.12 1 1
mimo-reasonix/internal/config/edit.go:1271.3,1271.49 1 0
mimo-reasonix/internal/config/edit.go:1271.49,1273.4 1 0
mimo-reasonix/internal/config/edit.go:1275.2,1275.14 1 1
mimo-reasonix/internal/config/edit.go:1281.31,1283.16 2 0
mimo-reasonix/internal/config/edit.go:1283.16,1285.3 1 0
mimo-reasonix/internal/config/edit.go:1286.2,1286.23 1 0
mimo-reasonix/internal/config/edit.go:1292.49,1295.17 3 1
mimo-reasonix/internal/config/edit.go:1295.17,1297.3 1 1
mimo-reasonix/internal/config/edit.go:1298.2,1298.48 1 1
mimo-reasonix/internal/config/edit.go:1298.48,1301.3 2 1
mimo-reasonix/internal/config/edit.go:1302.2,1302.38 1 0
mimo-reasonix/internal/config/edit.go:1302.38,1303.62 1 0
mimo-reasonix/internal/config/edit.go:1303.62,1305.4 1 0
mimo-reasonix/internal/config/edit.go:1306.3,1306.22 1 0
mimo-reasonix/internal/config/edit.go:1308.2,1308.30 1 0
mimo-reasonix/internal/config/effort.go:39.66,40.59 1 1
mimo-reasonix/internal/config/effort.go:40.59,42.3 1 1
mimo-reasonix/internal/config/effort.go:43.2,44.24 2 1
mimo-reasonix/internal/config/effort.go:44.24,49.51 5 1
mimo-reasonix/internal/config/effort.go:49.51,51.4 1 1
mimo-reasonix/internal/config/effort.go:52.3,52.73 1 1
mimo-reasonix/internal/config/effort.go:54.2,54.38 1 1
mimo-reasonix/internal/config/effort.go:55.33,56.36 1 0
mimo-reasonix/internal/config/effort.go:57.31,58.34 1 1
mimo-reasonix/internal/config/effort.go:60.2,60.56 1 1
mimo-reasonix/internal/config/effort.go:60.56,62.3 1 1
mimo-reasonix/internal/config/effort.go:63.2,63.38 1 1
mimo-reasonix/internal/config/effort.go:64.33,65.36 1 1
mimo-reasonix/internal/config/effort.go:66.31,67.34 1 0
mimo-reasonix/internal/config/effort.go:69.2,69.9 1 1
mimo-reasonix/internal/config/effort.go:70.25,76.114 1 1
mimo-reasonix/internal/config/effort.go:77.41,78.127 1 1
mimo-reasonix/internal/config/effort.go:79.10,80.28 1 1
mimo-reasonix/internal/config/effort.go:86.68,88.17 2 1
mimo-reasonix/internal/config/effort.go:88.17,90.3 1 1
mimo-reasonix/internal/config/effort.go:91.2,91.21 1 1
mimo-reasonix/internal/config/effort.go:91.21,93.3 1 1
mimo-reasonix/internal/config/effort.go:94.2,94.59 1 1
mimo-reasonix/internal/config/effort.go:94.59,96.3 1 1
mimo-reasonix/internal/config/effort.go:97.2,98.24 2 1
mimo-reasonix/internal/config/effort.go:98.24,99.39 1 1
mimo-reasonix/internal/config/effort.go:99.39,101.4 1 1
mimo-reasonix/internal/config/effort.go:102.3,102.80 1 1
mimo-reasonix/internal/config/effort.go:104.2,104.38 1 1
mimo-reasonix/internal/config/effort.go:105.33,106.16 1 1
mimo-reasonix/internal/config/effort.go:107.22,108.21 1 1
mimo-reasonix/internal/config/effort.go:109.24,110.22 1 1
mimo-reasonix/internal/config/effort.go:111.16,112.21 1 1
mimo-reasonix/internal/config/effort.go:113.11,114.57 1 1
mimo-reasonix/internal/config/effort.go:116.31,117.16 1 1
mimo-reasonix/internal/config/effort.go:118.32,119.21 1 1
mimo-reasonix/internal/config/effort.go:120.11,121.64 1 1
mimo-reasonix/internal/config/effort.go:124.2,124.9 1 1
mimo-reasonix/internal/config/effort.go:125.25,131.16 1 1
mimo-reasonix/internal/config/effort.go:132.31,133.21 1 1
mimo-reasonix/internal/config/effort.go:134.14,135.26 1 1
mimo-reasonix/internal/config/effort.go:136.32,137.26 1 1
mimo-reasonix/internal/config/effort.go:138.23,139.26 1 1
mimo-reasonix/internal/config/effort.go:140.11,141.66 1 1
mimo-reasonix/internal/config/effort.go:143.41,144.16 1 1
mimo-reasonix/internal/config/effort.go:145.48,146.21 1 1
mimo-reasonix/internal/config/effort.go:147.11,148.74 1 0
mimo-reasonix/internal/config/effort.go:150.10,151.43 1 1
mimo-reasonix/internal/config/effort.go:157.45,158.51 1 0
mimo-reasonix/internal/config/effort.go:158.51,160.3 1 0
mimo-reasonix/internal/config/effort.go:161.2,161.39 1 0
mimo-reasonix/internal/config/effort.go:168.47,169.14 1 1
mimo-reasonix/internal/config/effort.go:169.14,171.3 1 0
mimo-reasonix/internal/config/effort.go:172.2,172.61 1 1
mimo-reasonix/internal/config/effort.go:172.61,174.3 1 1
mimo-reasonix/internal/config/effort.go:175.2,176.25 2 1
mimo-reasonix/internal/config/effort.go:176.25,178.3 1 1
mimo-reasonix/internal/config/effort.go:179.2,180.50 2 1
mimo-reasonix/internal/config/effort.go:180.50,182.3 1 1
mimo-reasonix/internal/config/effort.go:183.2,183.12 1 1
mimo-reasonix/internal/config/effort.go:186.39,187.14 1 1
mimo-reasonix/internal/config/effort.go:187.14,189.3 1 0
mimo-reasonix/internal/config/effort.go:190.2,190.29 1 1
mimo-reasonix/internal/config/effort.go:190.29,192.3 1 1
mimo-reasonix/internal/config/effort.go:195.54,196.14 1 1
mimo-reasonix/internal/config/effort.go:196.14,198.3 1 0
mimo-reasonix/internal/config/effort.go:199.2,202.52 4 1
mimo-reasonix/internal/config/effort.go:205.47,207.39 2 1
mimo-reasonix/internal/config/effort.go:207.39,209.3 1 1
mimo-reasonix/internal/config/effort.go:210.2,210.14 1 1
mimo-reasonix/internal/config/effort.go:216.57,217.62 1 1
mimo-reasonix/internal/config/effort.go:217.62,219.3 1 1
mimo-reasonix/internal/config/effort.go:220.2,220.56 1 1
mimo-reasonix/internal/config/effort.go:220.56,222.3 1 1
mimo-reasonix/internal/config/effort.go:223.2,223.24 1 1
mimo-reasonix/internal/config/effort.go:223.24,225.3 1 1
mimo-reasonix/internal/config/effort.go:226.2,226.11 1 1
mimo-reasonix/internal/config/effort.go:229.57,230.14 1 1
mimo-reasonix/internal/config/effort.go:230.14,232.3 1 0
mimo-reasonix/internal/config/effort.go:233.2,234.39 2 1
mimo-reasonix/internal/config/effort.go:234.39,236.3 1 0
mimo-reasonix/internal/config/effort.go:237.2,237.17 1 1
mimo-reasonix/internal/config/effort.go:240.52,241.49 1 1
mimo-reasonix/internal/config/effort.go:242.33,243.12 1 1
mimo-reasonix/internal/config/effort.go:244.81,245.49 1 1
mimo-reasonix/internal/config/effort.go:246.10,247.12 1 0
mimo-reasonix/internal/config/effort.go:254.45,256.2 1 1
mimo-reasonix/internal/config/effort.go:261.44,263.2 1 1
mimo-reasonix/internal/config/effort.go:265.90,266.36 1 1
mimo-reasonix/internal/config/effort.go:266.36,268.3 1 1
mimo-reasonix/internal/config/effort.go:269.2,270.16 2 1
mimo-reasonix/internal/config/effort.go:273.79,278.51 5 1
mimo-reasonix/internal/config/effort.go:278.51,280.3 1 0
mimo-reasonix/internal/config/effort.go:281.2,281.72 1 1
mimo-reasonix/internal/config/effort.go:284.50,286.2 1 1
mimo-reasonix/internal/config/effort.go:288.48,290.2 1 1
mimo-reasonix/internal/config/effort.go:292.57,294.14 2 1
mimo-reasonix/internal/config/effort.go:294.14,296.3 1 1
mimo-reasonix/internal/config/effort.go:297.2,297.16 1 1
mimo-reasonix/internal/config/effort.go:297.16,299.3 1 0
mimo-reasonix/internal/config/effort.go:300.2,300.62 1 1
mimo-reasonix/internal/config/effort.go:303.60,304.29 1 1
mimo-reasonix/internal/config/effort.go:304.29,305.18 1 1
mimo-reasonix/internal/config/effort.go:305.18,307.4 1 1
mimo-reasonix/internal/config/effort.go:309.2,309.14 1 1
mimo-reasonix/internal/config/effort.go:312.44,314.2 1 1
mimo-reasonix/internal/config/effort.go:316.60,317.46 1 1
mimo-reasonix/internal/config/effort.go:317.46,319.3 1 1
mimo-reasonix/internal/config/effort.go:320.2,322.41 3 1
mimo-reasonix/internal/config/effort.go:322.41,324.52 2 1
mimo-reasonix/internal/config/effort.go:324.52,325.12 1 1
mimo-reasonix/internal/config/effort.go:327.3,328.27 2 1
mimo-reasonix/internal/config/effort.go:330.2,330.12 1 1
mimo-reasonix/internal/config/expand.go:19.34,20.66 1 1
mimo-reasonix/internal/config/expand.go:20.66,23.3 2 1
mimo-reasonix/internal/config/expand.go:26.62,27.32 1 1
mimo-reasonix/internal/config/expand.go:27.32,29.3 1 1
mimo-reasonix/internal/config/expand.go:30.2,30.62 1 1
mimo-reasonix/internal/config/expand.go:30.62,33.32 3 1
mimo-reasonix/internal/config/expand.go:33.32,35.4 1 1
mimo-reasonix/internal/config/expand.go:36.3,36.17 1 1
mimo-reasonix/internal/config/expand.go:36.17,38.4 1 1
mimo-reasonix/internal/config/expand.go:39.3,39.12 1 1
mimo-reasonix/internal/config/expand.go:43.58,44.42 1 1
mimo-reasonix/internal/config/expand.go:44.42,45.38 1 1
mimo-reasonix/internal/config/expand.go:45.38,47.4 1 1
mimo-reasonix/internal/config/expand.go:48.3,48.43 1 1
mimo-reasonix/internal/config/expand.go:48.43,50.4 1 1
mimo-reasonix/internal/config/expand.go:51.3,51.19 1 1
mimo-reasonix/internal/config/expand.go:55.46,56.14 1 1
mimo-reasonix/internal/config/expand.go:56.14,58.3 1 0
mimo-reasonix/internal/config/expand.go:59.2,59.65 1 1
mimo-reasonix/internal/config/expand.go:65.51,70.21 5 1
mimo-reasonix/internal/config/expand.go:70.21,72.28 2 1
mimo-reasonix/internal/config/expand.go:72.28,74.4 1 1
mimo-reasonix/internal/config/expand.go:76.2,78.12 3 1
mimo-reasonix/internal/config/expand.go:81.73,82.17 1 1
mimo-reasonix/internal/config/expand.go:82.17,84.3 1 1
mimo-reasonix/internal/config/expand.go:85.2,86.22 2 1
mimo-reasonix/internal/config/expand.go:86.22,88.3 1 1
mimo-reasonix/internal/config/expand.go:89.2,89.12 1 1
mimo-reasonix/internal/config/fetch.go:26.76,27.21 1 1
mimo-reasonix/internal/config/fetch.go:27.21,29.3 1 0
mimo-reasonix/internal/config/fetch.go:30.2,31.37 2 1
mimo-reasonix/internal/config/fetch.go:31.37,33.3 1 0
mimo-reasonix/internal/config/fetch.go:34.2,35.16 2 1
mimo-reasonix/internal/config/fetch.go:35.16,37.3 1 0
mimo-reasonix/internal/config/fetch.go:38.2,40.31 3 1
mimo-reasonix/internal/config/fetch.go:40.31,42.17 2 1
mimo-reasonix/internal/config/fetch.go:42.17,44.4 1 1
mimo-reasonix/internal/config/fetch.go:45.3,46.67 2 1
mimo-reasonix/internal/config/fetch.go:46.67,48.4 1 1
mimo-reasonix/internal/config/fetch.go:50.2,50.25 1 0
mimo-reasonix/internal/config/fetch.go:50.25,52.3 1 0
mimo-reasonix/internal/config/fetch.go:53.2,53.21 1 0
mimo-reasonix/internal/config/fetch.go:59.70,60.59 1 1
mimo-reasonix/internal/config/fetch.go:60.59,62.3 1 1
mimo-reasonix/internal/config/fetch.go:63.2,64.16 2 1
mimo-reasonix/internal/config/fetch.go:64.16,66.3 1 0
mimo-reasonix/internal/config/fetch.go:67.2,68.34 2 1
mimo-reasonix/internal/config/fetch.go:68.34,70.38 2 1
mimo-reasonix/internal/config/fetch.go:70.38,72.4 1 1
mimo-reasonix/internal/config/fetch.go:73.8,75.3 1 1
mimo-reasonix/internal/config/fetch.go:76.2,76.67 1 1
[...]
mimo-reasonix/internal/cli/theme.go:342.2,342.35 1 1
mimo-reasonix/internal/cli/theme.go:343.40,344.14 1 0
mimo-reasonix/internal/cli/theme.go:345.10,346.15 1 1
mimo-reasonix/internal/cli/theme.go:350.43,352.2 1 1
mimo-reasonix/internal/cli/theme.go:354.44,355.40 1 1
mimo-reasonix/internal/cli/theme.go:355.40,357.3 1 0
mimo-reasonix/internal/cli/theme.go:358.2,358.46 1 1
mimo-reasonix/internal/cli/theme.go:361.44,362.19 1 1
mimo-reasonix/internal/cli/theme.go:362.19,364.3 1 1
mimo-reasonix/internal/cli/theme.go:365.2,365.57 1 1
mimo-reasonix/internal/cli/theme.go:368.64,369.19 1 1
mimo-reasonix/internal/cli/theme.go:369.19,371.3 1 1
mimo-reasonix/internal/cli/theme.go:372.2,372.40 1 1
mimo-reasonix/internal/cli/theme.go:375.70,376.19 1 1
mimo-reasonix/internal/cli/theme.go:376.19,378.3 1 1
mimo-reasonix/internal/cli/theme.go:379.2,379.46 1 1
mimo-reasonix/internal/cli/theme.go:382.13,384.2 1 1
mimo-reasonix/internal/cli/theme.go:386.25,405.2 9 1
mimo-reasonix/internal/cli/theme.go:407.45,410.19 3 1
mimo-reasonix/internal/cli/theme.go:410.19,412.3 1 1
mimo-reasonix/internal/cli/theme.go:414.2,435.18 4 1
mimo-reasonix/internal/cli/theme.go:435.18,437.3 1 1
mimo-reasonix/internal/cli/theme.go:437.8,439.3 1 1
mimo-reasonix/internal/cli/theme.go:440.2,440.24 1 1
mimo-reasonix/internal/cli/theme.go:441.15,442.40 1 1
mimo-reasonix/internal/cli/theme.go:443.13,444.38 1 1
mimo-reasonix/internal/cli/theme.go:445.10,446.44 1 1
mimo-reasonix/internal/cli/theme.go:448.2,448.22 1 1
mimo-reasonix/internal/cli/theme.go:451.52,453.19 2 1
mimo-reasonix/internal/cli/theme.go:453.19,456.3 2 0
mimo-reasonix/internal/cli/theme.go:457.2,459.14 3 1
mimo-reasonix/internal/cli/theme.go:460.31,461.32 1 0
mimo-reasonix/internal/cli/theme.go:462.10,464.10 2 1
mimo-reasonix/internal/cli/theme.go:464.10,467.4 2 0
mimo-reasonix/internal/cli/theme.go:468.3,468.15 1 1
mimo-reasonix/internal/cli/theme.go:470.2,474.22 3 1
mimo-reasonix/internal/cli/theme.go:477.50,479.16 2 1
mimo-reasonix/internal/cli/theme.go:479.16,481.3 1 0
mimo-reasonix/internal/cli/theme.go:482.2,483.19 2 1
mimo-reasonix/internal/cli/theme.go:484.31,486.44 2 0
mimo-reasonix/internal/cli/theme.go:487.10,489.33 2 1
mimo-reasonix/internal/cli/theme.go:491.2,491.42 1 1
mimo-reasonix/internal/cli/theme.go:491.42,493.3 1 0
mimo-reasonix/internal/cli/theme.go:496.41,499.2 2 1
mimo-reasonix/internal/cli/theme.go:501.33,504.36 3 0
mimo-reasonix/internal/cli/theme.go:504.36,506.38 2 0
mimo-reasonix/internal/cli/theme.go:506.38,508.4 1 0
mimo-reasonix/internal/cli/theme.go:509.3,509.90 1 0
mimo-reasonix/internal/cli/theme.go:511.2,511.44 1 0
mimo-reasonix/internal/cli/theme.go:514.69,516.44 2 1
mimo-reasonix/internal/cli/theme.go:516.44,518.3 1 1
mimo-reasonix/internal/cli/theme.go:519.2,521.21 3 1
mimo-reasonix/internal/cli/theme.go:521.21,523.3 1 0
mimo-reasonix/internal/cli/theme.go:524.2,535.27 4 1
mimo-reasonix/internal/cli/theme.go:535.27,536.53 1 1
mimo-reasonix/internal/cli/theme.go:536.53,537.12 1 0
mimo-reasonix/internal/cli/theme.go:539.3,539.99 1 1
mimo-reasonix/internal/cli/theme.go:541.2,541.36 1 1
mimo-reasonix/internal/cli/theme.go:541.36,542.52 1 1
mimo-reasonix/internal/cli/theme.go:542.52,543.12 1 0
mimo-reasonix/internal/cli/theme.go:545.3,546.38 2 1
mimo-reasonix/internal/cli/theme.go:546.38,548.4 1 1
mimo-reasonix/internal/cli/theme.go:549.3,549.75 1 1
mimo-reasonix/internal/cli/theme.go:551.2,551.24 1 1
mimo-reasonix/internal/cli/theme_osc_unix.go:19.52,20.19 1 1
mimo-reasonix/internal/cli/theme_osc_unix.go:20.19,22.3 1 1
mimo-reasonix/internal/cli/theme_osc_unix.go:23.2,25.55 3 1
mimo-reasonix/internal/cli/theme_osc_unix.go:25.55,27.3 1 1
mimo-reasonix/internal/cli/theme_osc_unix.go:29.2,30.16 2 0
mimo-reasonix/internal/cli/theme_osc_unix.go:30.16,32.3 1 0
mimo-reasonix/internal/cli/theme_osc_unix.go:33.2,36.16 3 0
mimo-reasonix/internal/cli/theme_osc_unix.go:36.16,38.3 1 0
mimo-reasonix/internal/cli/theme_osc_unix.go:39.2,39.53 1 0
mimo-reasonix/internal/cli/theme_osc_unix.go:39.53,41.3 1 0
mimo-reasonix/internal/cli/theme_osc_unix.go:42.2,42.15 1 0
mimo-reasonix/internal/cli/theme_osc_unix.go:42.15,42.75 1 0
mimo-reasonix/internal/cli/theme_osc_unix.go:44.2,44.68 1 0
mimo-reasonix/internal/cli/theme_osc_unix.go:44.68,46.3 1 0
mimo-reasonix/internal/cli/theme_osc_unix.go:48.2,51.77 4 0
mimo-reasonix/internal/cli/theme_osc_unix.go:51.77,53.12 2 0
mimo-reasonix/internal/cli/theme_osc_unix.go:53.12,55.59 2 0
mimo-reasonix/internal/cli/theme_osc_unix.go:55.59,57.5 1 0
mimo-reasonix/internal/cli/theme_osc_unix.go:58.4,58.12 1 0
mimo-reasonix/internal/cli/theme_osc_unix.go:60.3,60.47 1 0
mimo-reasonix/internal/cli/theme_osc_unix.go:60.47,61.12 1 0
mimo-reasonix/internal/cli/theme_osc_unix.go:63.3,63.70 1 0
mimo-reasonix/internal/cli/theme_osc_unix.go:63.70,65.12 2 0
mimo-reasonix/internal/cli/theme_osc_unix.go:67.3,67.30 1 0
mimo-reasonix/internal/cli/theme_osc_unix.go:69.2,69.45 1 0
mimo-reasonix/internal/cli/toolcard.go:19.44,20.21 1 1
mimo-reasonix/internal/cli/toolcard.go:20.21,22.3 1 0
mimo-reasonix/internal/cli/toolcard.go:23.2,25.31 3 1
mimo-reasonix/internal/cli/toolcard.go:25.31,27.3 1 1
mimo-reasonix/internal/cli/toolcard.go:28.2,28.12 1 1
mimo-reasonix/internal/cli/toolcard.go:80.34,82.28 2 1
mimo-reasonix/internal/cli/toolcard.go:83.14,84.30 1 1
mimo-reasonix/internal/cli/toolcard.go:85.15,86.29 1 1
mimo-reasonix/internal/cli/toolcard.go:87.14,88.26 1 1
mimo-reasonix/internal/cli/toolcard.go:89.14,90.30 1 1
mimo-reasonix/internal/cli/toolcard.go:91.10,92.28 1 1
mimo-reasonix/internal/cli/toolcard.go:94.2,94.26 1 1
mimo-reasonix/internal/cli/toolcard.go:108.42,109.49 1 1
mimo-reasonix/internal/cli/toolcard.go:109.49,111.3 1 0
mimo-reasonix/internal/cli/toolcard.go:112.2,112.33 1 1
mimo-reasonix/internal/cli/toolcard.go:112.33,114.3 1 1
mimo-reasonix/internal/cli/toolcard.go:115.2,115.13 1 1
mimo-reasonix/internal/cli/toolcard.go:119.40,121.45 2 1
mimo-reasonix/internal/cli/toolcard.go:121.45,123.3 1 0
mimo-reasonix/internal/cli/toolcard.go:124.2,124.20 1 1
mimo-reasonix/internal/cli/toolcard.go:124.20,126.3 1 1
mimo-reasonix/internal/cli/toolcard.go:127.2,128.9 2 1
mimo-reasonix/internal/cli/toolcard.go:128.9,130.3 1 1
mimo-reasonix/internal/cli/toolcard.go:131.2,131.23 1 1
mimo-reasonix/internal/cli/toolcard.go:132.14,133.30 1 1
mimo-reasonix/internal/cli/toolcard.go:134.13,135.20 1 0
mimo-reasonix/internal/cli/toolcard.go:136.15,137.30 1 0
mimo-reasonix/internal/cli/toolcard.go:138.10,139.12 1 0
mimo-reasonix/internal/cli/toolcard.go:143.28,145.9 2 1
mimo-reasonix/internal/cli/toolcard.go:145.9,147.3 1 0
mimo-reasonix/internal/cli/toolcard.go:148.2,149.24 2 1
mimo-reasonix/internal/cli/toolcard.go:149.24,150.30 1 1
mimo-reasonix/internal/cli/toolcard.go:150.30,152.4 1 1
mimo-reasonix/internal/cli/toolcard.go:154.2,154.34 1 1
mimo-reasonix/internal/cli/toolcard.go:158.52,160.2 1 1
mimo-reasonix/internal/cli/toolcard.go:164.51,167.15 3 1
mimo-reasonix/internal/cli/toolcard.go:167.15,170.3 2 1
mimo-reasonix/internal/cli/toolcard.go:171.2,171.13 1 1
mimo-reasonix/internal/cli/transcript.go:17.49,18.16 1 1
mimo-reasonix/internal/cli/transcript.go:18.16,20.3 1 0
mimo-reasonix/internal/cli/transcript.go:21.2,21.51 1 1
mimo-reasonix/internal/cli/transcript.go:28.43,30.2 1 1
mimo-reasonix/internal/cli/transcript.go:36.31,37.63 1 0
mimo-reasonix/internal/cli/transcript.go:37.63,37.89 1 0
mimo-reasonix/internal/cli/transcript.go:42.39,43.9 1 1
mimo-reasonix/internal/cli/transcript.go:44.14,45.12 1 1
mimo-reasonix/internal/cli/transcript.go:46.21,47.11 1 1
mimo-reasonix/internal/cli/transcript.go:48.10,49.11 1 1
mimo-reasonix/internal/cli/transcript.go:65.50,66.96 1 1
mimo-reasonix/internal/cli/transcript.go:66.96,68.3 1 0
mimo-reasonix/internal/cli/transcript.go:69.2,69.25 1 1
mimo-reasonix/internal/cli/transcript.go:72.33,72.62 1 1
mimo-reasonix/internal/cli/transcript.go:84.44,86.12 2 1
mimo-reasonix/internal/cli/transcript.go:86.12,88.3 1 1
mimo-reasonix/internal/cli/transcript.go:89.2,99.25 10 1
mimo-reasonix/internal/cli/transcript.go:99.25,102.30 3 1
mimo-reasonix/internal/cli/transcript.go:102.30,104.4 1 1
mimo-reasonix/internal/cli/transcript.go:105.3,105.37 1 1
mimo-reasonix/internal/cli/transcript.go:105.37,106.54 1 0
mimo-reasonix/internal/cli/transcript.go:106.54,108.5 1 0
mimo-reasonix/internal/cli/transcript.go:110.3,111.61 2 1
mimo-reasonix/internal/cli/transcript.go:113.2,113.97 1 1
mimo-reasonix/internal/cli/transcript.go:119.72,120.40 1 1
mimo-reasonix/internal/cli/transcript.go:120.40,122.3 1 1
mimo-reasonix/internal/cli/transcript.go:123.2,124.23 2 1
mimo-reasonix/internal/cli/transcript.go:124.23,126.3 1 1
mimo-reasonix/internal/cli/transcript.go:127.2,127.21 1 1
mimo-reasonix/internal/cli/transcript.go:127.21,129.3 1 1
mimo-reasonix/internal/cli/transcript.go:130.2,130.13 1 1
mimo-reasonix/internal/cli/transcript.go:130.13,132.3 1 0
mimo-reasonix/internal/cli/transcript.go:133.2,133.14 1 1
mimo-reasonix/internal/cli/transcript.go:133.14,135.3 1 0
mimo-reasonix/internal/cli/transcript.go:136.2,136.21 1 1
mimo-reasonix/internal/cli/transcript.go:141.40,142.36 1 1
mimo-reasonix/internal/cli/transcript.go:142.36,144.3 1 1
mimo-reasonix/internal/cli/transcript.go:145.2,148.68 4 1
mimo-reasonix/internal/cli/transcript.go:148.68,150.24 2 1
mimo-reasonix/internal/cli/transcript.go:150.24,152.4 1 1
mimo-reasonix/internal/cli/transcript.go:153.3,153.22 1 1
mimo-reasonix/internal/cli/transcript.go:153.22,155.4 1 1
mimo-reasonix/internal/cli/transcript.go:156.3,156.86 1 1
mimo-reasonix/internal/cli/transcript.go:158.2,158.32 1 1
mimo-reasonix/internal/cli/transcript.go:163.64,164.21 1 1
mimo-reasonix/internal/cli/transcript.go:164.21,166.3 1 1
mimo-reasonix/internal/cli/transcript.go:167.2,168.14 2 1
mimo-reasonix/internal/cli/transcript.go:168.14,170.3 1 1
mimo-reasonix/internal/cli/transcript.go:171.2,173.25 3 1
mimo-reasonix/internal/cli/transcript.go:173.25,175.3 1 0
mimo-reasonix/internal/cli/transcript.go:176.2,176.20 1 1
mimo-reasonix/internal/cli/transcript.go:179.63,180.21 1 1
mimo-reasonix/internal/cli/transcript.go:180.21,182.3 1 0
mimo-reasonix/internal/cli/transcript.go:183.2,185.17 3 1
mimo-reasonix/internal/cli/transcript.go:185.17,187.3 1 0
mimo-reasonix/internal/cli/transcript.go:188.2,189.13 2 1
mimo-reasonix/internal/cli/transcript.go:189.13,191.3 1 0
mimo-reasonix/internal/cli/transcript.go:192.2,192.18 1 1
mimo-reasonix/internal/cli/transcript.go:192.18,194.3 1 0
mimo-reasonix/internal/cli/transcript.go:195.2,196.42 2 1
mimo-reasonix/internal/cli/transcript.go:199.74,200.21 1 1
mimo-reasonix/internal/cli/transcript.go:200.21,202.3 1 1
mimo-reasonix/internal/cli/transcript.go:203.2,203.53 1 1
mimo-reasonix/internal/cli/transcript.go:203.53,205.3 1 1
mimo-reasonix/internal/cli/transcript.go:206.2,206.39 1 1
mimo-reasonix/internal/cli/transcript.go:209.45,210.24 1 1
mimo-reasonix/internal/cli/transcript.go:210.24,212.3 1 0
mimo-reasonix/internal/cli/transcript.go:213.2,214.87 2 1
mimo-reasonix/internal/cli/transcript.go:217.54,219.53 2 1
mimo-reasonix/internal/cli/transcript.go:219.53,221.3 1 1
mimo-reasonix/internal/cli/transcript.go:222.2,222.22 1 0
mimo-reasonix/internal/cli/transcript.go:225.42,227.2 1 1
mimo-reasonix/internal/cli/transcript.go:231.51,233.11 2 1
mimo-reasonix/internal/cli/transcript.go:233.11,235.3 1 0
mimo-reasonix/internal/cli/transcript.go:236.2,236.13 1 1
mimo-reasonix/internal/cli/transcript.go:236.13,238.3 1 0
mimo-reasonix/internal/cli/transcript.go:239.2,239.11 1 1
mimo-reasonix/internal/cli/transcript.go:239.11,241.3 1 0
mimo-reasonix/internal/cli/transcript.go:242.2,242.38 1 1
mimo-reasonix/internal/cli/transcript.go:242.38,244.3 1 0
mimo-reasonix/internal/cli/transcript.go:245.2,245.55 1 1
mimo-reasonix/internal/cli/upgrade.go:50.56,54.39 4 0
mimo-reasonix/internal/cli/upgrade.go:54.39,56.3 1 0
mimo-reasonix/internal/cli/upgrade.go:59.2,60.9 2 0
mimo-reasonix/internal/cli/upgrade.go:60.9,63.3 2 0
mimo-reasonix/internal/cli/upgrade.go:66.2,71.16 4 0
mimo-reasonix/internal/cli/upgrade.go:71.16,74.3 2 0
mimo-reasonix/internal/cli/upgrade.go:77.2,79.16 3 0
mimo-reasonix/internal/cli/upgrade.go:79.16,82.3 2 0
mimo-reasonix/internal/cli/upgrade.go:85.2,86.37 2 0
mimo-reasonix/internal/cli/upgrade.go:86.37,88.3 1 0
mimo-reasonix/internal/cli/upgrade.go:89.2,89.29 1 0
mimo-reasonix/internal/cli/upgrade.go:89.29,92.3 2 0
mimo-reasonix/internal/cli/upgrade.go:93.2,93.38 1 0
mimo-reasonix/internal/cli/upgrade.go:93.38,94.13 1 0
mimo-reasonix/internal/cli/upgrade.go:94.13,96.4 1 0
mimo-reasonix/internal/cli/upgrade.go:96.9,99.4 2 0
mimo-reasonix/internal/cli/upgrade.go:100.8,102.3 1 0
mimo-reasonix/internal/cli/upgrade.go:104.2,104.16 1 0
mimo-reasonix/internal/cli/upgrade.go:104.16,106.3 1 0
mimo-reasonix/internal/cli/upgrade.go:109.2,111.28 3 0
mimo-reasonix/internal/cli/upgrade.go:111.28,112.50 1 0
mimo-reasonix/internal/cli/upgrade.go:112.50,114.9 2 0
mimo-reasonix/internal/cli/upgrade.go:117.2,117.18 1 0
mimo-reasonix/internal/cli/upgrade.go:117.18,120.3 2 0
mimo-reasonix/internal/cli/upgrade.go:123.2,128.16 4 0
mimo-reasonix/internal/cli/upgrade.go:128.16,131.3 2 0
mimo-reasonix/internal/cli/upgrade.go:134.2,136.16 3 0
mimo-reasonix/internal/cli/upgrade.go:136.16,139.3 2 0
mimo-reasonix/internal/cli/upgrade.go:140.2,140.78 1 0
mimo-reasonix/internal/cli/upgrade.go:140.78,143.3 2 0
mimo-reasonix/internal/cli/upgrade.go:146.2,147.31 2 0
mimo-reasonix/internal/cli/upgrade.go:147.31,149.3 1 0
mimo-reasonix/internal/cli/upgrade.go:150.2,151.16 2 0
mimo-reasonix/internal/cli/upgrade.go:151.16,154.3 2 0
mimo-reasonix/internal/cli/upgrade.go:157.2,158.46 2 0
mimo-reasonix/internal/cli/upgrade.go:158.46,161.3 2 0
mimo-reasonix/internal/cli/upgrade.go:163.2,164.10 2 0
mimo-reasonix/internal/cli/upgrade.go:167.55,169.2 1 1
mimo-reasonix/internal/cli/upgrade.go:172.48,174.27 2 1
mimo-reasonix/internal/cli/upgrade.go:174.27,176.3 1 1
mimo-reasonix/internal/cli/upgrade.go:177.2,177.32 1 1
mimo-reasonix/internal/cli/upgrade.go:177.32,179.3 1 1
mimo-reasonix/internal/cli/upgrade.go:180.2,180.24 1 1
mimo-reasonix/internal/cli/upgrade.go:180.24,182.3 1 1
mimo-reasonix/internal/cli/upgrade.go:183.2,183.34 1 1
mimo-reasonix/internal/cli/upgrade.go:188.32,191.2 2 1
mimo-reasonix/internal/cli/upgrade.go:198.50,199.22 1 1
mimo-reasonix/internal/cli/upgrade.go:199.22,200.32 1 1
mimo-reasonix/internal/cli/upgrade.go:200.32,202.4 1 1
mimo-reasonix/internal/cli/upgrade.go:204.2,204.12 1 1
mimo-reasonix/internal/cli/upgrade.go:209.61,211.16 2 0
mimo-reasonix/internal/cli/upgrade.go:211.16,213.3 1 0
mimo-reasonix/internal/cli/upgrade.go:214.2,218.16 4 0
mimo-reasonix/internal/cli/upgrade.go:218.16,220.3 1 0
mimo-reasonix/internal/cli/upgrade.go:221.2,222.38 2 0
mimo-reasonix/internal/cli/upgrade.go:222.38,224.3 1 0
mimo-reasonix/internal/cli/upgrade.go:226.2,227.65 2 0
mimo-reasonix/internal/cli/upgrade.go:227.65,229.3 1 0
mimo-reasonix/internal/cli/upgrade.go:231.2,231.45 1 0
mimo-reasonix/internal/cli/upgrade.go:231.45,233.3 1 0
mimo-reasonix/internal/cli/upgrade.go:234.2,234.72 1 0
mimo-reasonix/internal/cli/upgrade.go:238.61,240.16 2 0
mimo-reasonix/internal/cli/upgrade.go:240.16,242.3 1 0
mimo-reasonix/internal/cli/upgrade.go:243.2,244.38 2 0
mimo-reasonix/internal/cli/upgrade.go:244.38,246.3 1 0
mimo-reasonix/internal/cli/upgrade.go:247.2,247.30 1 0
mimo-reasonix/internal/cli/upgrade.go:252.78,256.84 3 1
mimo-reasonix/internal/cli/upgrade.go:256.84,258.17 2 1
mimo-reasonix/internal/cli/upgrade.go:258.17,259.12 1 0
mimo-reasonix/internal/cli/upgrade.go:261.3,262.46 2 1
mimo-reasonix/internal/cli/upgrade.go:262.46,263.41 1 1
mimo-reasonix/internal/cli/upgrade.go:263.41,265.5 1 1
mimo-reasonix/internal/cli/upgrade.go:266.4,266.14 1 1
mimo-reasonix/internal/cli/upgrade.go:269.2,269.64 1 1
mimo-reasonix/internal/cli/upgrade.go:273.81,274.44 1 0
mimo-reasonix/internal/cli/upgrade.go:274.44,276.3 1 0
mimo-reasonix/internal/cli/upgrade.go:277.2,277.43 1 0
mimo-reasonix/internal/cli/upgrade.go:281.65,283.16 2 1
mimo-reasonix/internal/cli/upgrade.go:283.16,285.3 1 0
mimo-reasonix/internal/cli/upgrade.go:286.2,288.6 3 1
mimo-reasonix/internal/cli/upgrade.go:288.6,290.20 2 1
mimo-reasonix/internal/cli/upgrade.go:290.20,291.9 1 1
mimo-reasonix/internal/cli/upgrade.go:293.3,293.17 1 1
mimo-reasonix/internal/cli/upgrade.go:293.17,295.4 1 0
mimo-reasonix/internal/cli/upgrade.go:296.3,296.91 1 1
mimo-reasonix/internal/cli/upgrade.go:296.91,298.4 1 1
mimo-reasonix/internal/cli/upgrade.go:300.2,300.57 1 1
mimo-reasonix/internal/cli/upgrade.go:304.63,306.16 2 0
mimo-reasonix/internal/cli/upgrade.go:306.16,308.3 1 0
mimo-reasonix/internal/cli/upgrade.go:309.2,309.27 1 0
mimo-reasonix/internal/cli/upgrade.go:309.27,310.27 1 0
mimo-reasonix/internal/cli/upgrade.go:310.27,311.12 1 0
mimo-reasonix/internal/cli/upgrade.go:313.3,314.19 2 0
mimo-reasonix/internal/cli/upgrade.go:314.19,316.18 2 0
mimo-reasonix/internal/cli/upgrade.go:316.18,318.5 1 0
mimo-reasonix/internal/cli/upgrade.go:319.4,320.25 2 0
mimo-reasonix/internal/cli/upgrade.go:323.2,323.61 1 0
mimo-reasonix/internal/cli/upgrade.go:333.41,335.16 2 0
mimo-reasonix/internal/cli/upgrade.go:335.16,337.3 1 0
mimo-reasonix/internal/cli/upgrade.go:338.2,339.16 2 0
mimo-reasonix/internal/cli/upgrade.go:339.16,341.3 1 0
mimo-reasonix/internal/cli/upgrade.go:343.2,348.61 4 0
mimo-reasonix/internal/cli/upgrade.go:348.61,351.3 2 0
mimo-reasonix/internal/cli/upgrade.go:353.2,353.31 1 0
mimo-reasonix/internal/cli/upgrade.go:353.31,355.3 1 0
mimo-reasonix/internal/cli/upgrade.go:358.2,358.53 1 0
mimo-reasonix/internal/cli/upgrade.go:358.53,361.3 2 0
mimo-reasonix/internal/cli/upgrade.go:362.2,362.12 1 0
mimo-reasonix/internal/cli/upgrade.go:369.61,376.51 3 0
mimo-reasonix/internal/cli/upgrade.go:376.51,379.3 2 0
mimo-reasonix/internal/cli/upgrade.go:382.2,382.51 1 0
mimo-reasonix/internal/cli/upgrade.go:382.51,384.54 1 0
mimo-reasonix/internal/cli/upgrade.go:384.54,386.4 1 0
mimo-reasonix/internal/cli/upgrade.go:387.3,387.50 1 0
mimo-reasonix/internal/cli/upgrade.go:391.2,391.43 1 0
mimo-reasonix/internal/cli/upgrade.go:391.43,394.3 1 0
mimo-reasonix/internal/cli/upgrade.go:395.2,395.12 1 0
mimo-reasonix/internal/cli/upgrade.go:399.48,401.16 2 0
mimo-reasonix/internal/cli/upgrade.go:401.16,403.3 1 0
mimo-reasonix/internal/cli/upgrade.go:404.2,404.15 1 0
mimo-reasonix/internal/cli/upgrade.go:408.32,413.9 2 1
mimo-reasonix/internal/cli/upgrade.go:414.17,415.59 1 1
mimo-reasonix/internal/cli/upgrade.go:416.17,417.59 1 1
mimo-reasonix/internal/cli/upgrade.go:418.10,419.32 1 1
mimo-reasonix/internal/cli/view_helpers.go:10.31,11.16 1 1
mimo-reasonix/internal/cli/view_helpers.go:11.16,13.3 1 0
mimo-reasonix/internal/cli/view_helpers.go:14.2,14.14 1 1
mimo-reasonix/internal/cli/view_helpers.go:17.52,19.2 1 1
mimo-reasonix/internal/cli/view_helpers.go:21.35,23.2 1 1
mimo-reasonix/internal/cli/view_helpers.go:25.32,27.2 1 1
mimo-reasonix/internal/cli/view_helpers.go:29.34,31.2 1 1
mimo-reasonix/internal/cli/view_helpers.go:33.32,35.2 1 1
mimo-reasonix/internal/cli/view_helpers.go:37.42,38.12 1 1
mimo-reasonix/internal/cli/view_helpers.go:38.12,40.3 1 0
mimo-reasonix/internal/cli/view_helpers.go:41.2,41.51 1 1
mimo-reasonix/internal/cli/view_helpers.go:44.53,47.2 2 1
mimo-reasonix/internal/cli/view_helpers.go:49.50,52.2 2 1
mimo-reasonix/internal/cli/view_helpers.go:54.63,56.16 2 1
mimo-reasonix/internal/cli/view_helpers.go:56.16,58.3 1 0
mimo-reasonix/internal/cli/view_helpers.go:59.2,60.45 2 1
mimo-reasonix/internal/cli/view_helpers.go:60.45,62.3 1 1
mimo-reasonix/internal/cli/view_helpers.go:63.2,63.68 1 1
mimo-reasonix/internal/cli/view_helpers.go:66.51,69.29 3 1
mimo-reasonix/internal/cli/view_helpers.go:69.29,71.3 1 1
mimo-reasonix/internal/cli/view_helpers.go:72.2,72.34 1 1
mimo-reasonix/internal/cli/view_helpers.go:75.47,76.40 1 1
mimo-reasonix/internal/cli/view_helpers.go:76.40,78.3 1 1
mimo-reasonix/internal/cli/view_helpers.go:79.2,79.17 1 1
mimo-reasonix/internal/cli/view_helpers.go:82.38,84.2 1 1
